{"C:\\Users\\chira\\OneDrive\\Desktop\\cloud project\\photo-gallery\\backend\\server.js": {"path":"C:\\Users\\chira\\OneDrive\\Desktop\\cloud project\\photo-gallery\\backend\\server.js","statementMap":{"0":{"start":{"line":2,"column":0},"end":{"line":2,"column":27}},"1":{"start":{"line":4,"column":16},"end":{"line":4,"column":34}},"2":{"start":{"line":5,"column":13},"end":{"line":5,"column":28}},"3":{"start":{"line":6,"column":15},"end":{"line":6,"column":32}},"4":{"start":{"line":7,"column":20},"end":{"line":7,"column":42}},"5":{"start":{"line":8,"column":18},"end":{"line":8,"column":47}},"6":{"start":{"line":9,"column":17},"end":{"line":9,"column":36}},"7":{"start":{"line":11,"column":18},"end":{"line":11,"column":40}},"8":{"start":{"line":12,"column":20},"end":{"line":12,"column":51}},"9":{"start":{"line":13,"column":20},"end":{"line":13,"column":51}},"10":{"start":{"line":14,"column":19},"end":{"line":14,"column":49}},"11":{"start":{"line":15,"column":20},"end":{"line":15,"column":51}},"12":{"start":{"line":16,"column":36},"end":{"line":16,"column":72}},"13":{"start":{"line":17,"column":19},"end":{"line":17,"column":55}},"14":{"start":{"line":18,"column":32},"end":{"line":18,"column":62}},"15":{"start":{"line":21,"column":0},"end":{"line":21,"column":12}},"16":{"start":{"line":23,"column":12},"end":{"line":23,"column":21}},"17":{"start":{"line":24,"column":13},"end":{"line":24,"column":37}},"18":{"start":{"line":29,"column":0},"end":{"line":29,"column":18}},"19":{"start":{"line":32,"column":0},"end":{"line":32,"column":23}},"20":{"start":{"line":35,"column":23},"end":{"line":35,"column":40}},"21":{"start":{"line":36,"column":17},"end":{"line":36,"column":37}},"22":{"start":{"line":37,"column":15},"end":{"line":37,"column":41}},"23":{"start":{"line":39,"column":0},"end":{"line":44,"column":3}},"24":{"start":{"line":40,"column":16},"end":{"line":40,"column":58}},"25":{"start":{"line":41,"column":2},"end":{"line":41,"column":17}},"26":{"start":{"line":42,"column":2},"end":{"line":42,"column":39}},"27":{"start":{"line":43,"column":2},"end":{"line":43,"column":9}},"28":{"start":{"line":46,"column":0},"end":{"line":58,"column":2}},"29":{"start":{"line":49,"column":23},"end":{"line":49,"column":29}},"30":{"start":{"line":51,"column":21},"end":{"line":55,"column":7}},"31":{"start":{"line":61,"column":22},"end":{"line":67,"column":2}},"32":{"start":{"line":68,"column":0},"end":{"line":68,"column":23}},"33":{"start":{"line":71,"column":23},"end":{"line":73,"column":29}},"34":{"start":{"line":72,"column":50},"end":{"line":72,"column":58}},"35":{"start":{"line":75,"column":0},"end":{"line":85,"column":4}},"36":{"start":{"line":78,"column":4},"end":{"line":82,"column":5}},"37":{"start":{"line":79,"column":6},"end":{"line":79,"column":27}},"38":{"start":{"line":81,"column":6},"end":{"line":81,"column":49}},"39":{"start":{"line":88,"column":0},"end":{"line":88,"column":24}},"40":{"start":{"line":91,"column":18},"end":{"line":91,"column":47}},"41":{"start":{"line":92,"column":20},"end":{"line":92,"column":47}},"42":{"start":{"line":93,"column":0},"end":{"line":93,"column":68}},"43":{"start":{"line":98,"column":0},"end":{"line":98,"column":29}},"44":{"start":{"line":99,"column":0},"end":{"line":99,"column":36}},"45":{"start":{"line":100,"column":0},"end":{"line":100,"column":33}},"46":{"start":{"line":105,"column":0},"end":{"line":105,"column":35}},"47":{"start":{"line":108,"column":0},"end":{"line":110,"column":3}},"48":{"start":{"line":109,"column":2},"end":{"line":109,"column":41}},"49":{"start":{"line":113,"column":0},"end":{"line":139,"column":4}},"50":{"start":{"line":114,"column":23},"end":{"line":114,"column":59}},"51":{"start":{"line":115,"column":26},"end":{"line":115,"column":31}},"52":{"start":{"line":117,"column":2},"end":{"line":130,"column":3}},"53":{"start":{"line":118,"column":4},"end":{"line":126,"column":5}},"54":{"start":{"line":119,"column":6},"end":{"line":125,"column":7}},"55":{"start":{"line":120,"column":8},"end":{"line":120,"column":36}},"56":{"start":{"line":121,"column":8},"end":{"line":121,"column":33}},"57":{"start":{"line":122,"column":13},"end":{"line":125,"column":7}},"58":{"start":{"line":123,"column":8},"end":{"line":123,"column":59}},"59":{"start":{"line":124,"column":8},"end":{"line":124,"column":33}},"60":{"start":{"line":128,"column":4},"end":{"line":128,"column":67}},"61":{"start":{"line":129,"column":4},"end":{"line":129,"column":30}},"62":{"start":{"line":132,"column":20},"end":{"line":132,"column":53}},"63":{"start":{"line":133,"column":17},"end":{"line":133,"column":38}},"64":{"start":{"line":134,"column":2},"end":{"line":138,"column":5}},"65":{"start":{"line":142,"column":0},"end":{"line":144,"column":3}},"66":{"start":{"line":143,"column":2},"end":{"line":143,"column":59}},"67":{"start":{"line":147,"column":0},"end":{"line":147,"column":22}},"68":{"start":{"line":150,"column":13},"end":{"line":150,"column":28}},"69":{"start":{"line":151,"column":19},"end":{"line":151,"column":39}},"70":{"start":{"line":153,"column":15},"end":{"line":153,"column":37}},"71":{"start":{"line":154,"column":11},"end":{"line":159,"column":2}},"72":{"start":{"line":161,"column":0},"end":{"line":161,"column":18}},"73":{"start":{"line":162,"column":0},"end":{"line":162,"column":20}},"74":{"start":{"line":165,"column":20},"end":{"line":165,"column":50}},"75":{"start":{"line":166,"column":25},"end":{"line":166,"column":60}},"76":{"start":{"line":168,"column":0},"end":{"line":205,"column":3}},"77":{"start":{"line":169,"column":16},"end":{"line":169,"column":44}},"78":{"start":{"line":170,"column":2},"end":{"line":174,"column":3}},"79":{"start":{"line":171,"column":4},"end":{"line":171,"column":69}},"80":{"start":{"line":172,"column":4},"end":{"line":172,"column":28}},"81":{"start":{"line":173,"column":4},"end":{"line":173,"column":11}},"82":{"start":{"line":176,"column":2},"end":{"line":184,"column":3}},"83":{"start":{"line":177,"column":20},"end":{"line":177,"column":38}},"84":{"start":{"line":178,"column":4},"end":{"line":178,"column":26}},"85":{"start":{"line":179,"column":4},"end":{"line":179,"column":79}},"86":{"start":{"line":181,"column":4},"end":{"line":181,"column":87}},"87":{"start":{"line":182,"column":4},"end":{"line":182,"column":28}},"88":{"start":{"line":183,"column":4},"end":{"line":183,"column":11}},"89":{"start":{"line":186,"column":2},"end":{"line":195,"column":5}},"90":{"start":{"line":187,"column":4},"end":{"line":194,"column":5}},"91":{"start":{"line":188,"column":6},"end":{"line":188,"column":64}},"92":{"start":{"line":189,"column":6},"end":{"line":189,"column":38}},"93":{"start":{"line":190,"column":6},"end":{"line":190,"column":95}},"94":{"start":{"line":192,"column":6},"end":{"line":192,"column":65}},"95":{"start":{"line":193,"column":6},"end":{"line":193,"column":80}},"96":{"start":{"line":197,"column":2},"end":{"line":200,"column":5}},"97":{"start":{"line":198,"column":4},"end":{"line":198,"column":37}},"98":{"start":{"line":199,"column":4},"end":{"line":199,"column":91}},"99":{"start":{"line":202,"column":2},"end":{"line":204,"column":5}},"100":{"start":{"line":203,"column":4},"end":{"line":203,"column":84}},"101":{"start":{"line":208,"column":0},"end":{"line":214,"column":1}},"102":{"start":{"line":209,"column":2},"end":{"line":213,"column":5}},"103":{"start":{"line":210,"column":4},"end":{"line":210,"column":64}},"104":{"start":{"line":212,"column":4},"end":{"line":212,"column":26}},"105":{"start":{"line":216,"column":0},"end":{"line":216,"column":21}}},"fnMap":{"0":{"name":"(anonymous_0)","decl":{"start":{"line":39,"column":8},"end":{"line":39,"column":9}},"loc":{"start":{"line":39,"column":28},"end":{"line":44,"column":1}},"line":39},"1":{"name":"(anonymous_1)","decl":{"start":{"line":49,"column":14},"end":{"line":49,"column":15}},"loc":{"start":{"line":49,"column":23},"end":{"line":49,"column":29}},"line":49},"2":{"name":"(anonymous_2)","decl":{"start":{"line":51,"column":11},"end":{"line":51,"column":12}},"loc":{"start":{"line":51,"column":21},"end":{"line":55,"column":7}},"line":51},"3":{"name":"(anonymous_3)","decl":{"start":{"line":72,"column":43},"end":{"line":72,"column":44}},"loc":{"start":{"line":72,"column":50},"end":{"line":72,"column":58}},"line":72},"4":{"name":"(anonymous_4)","decl":{"start":{"line":76,"column":10},"end":{"line":76,"column":11}},"loc":{"start":{"line":76,"column":32},"end":{"line":83,"column":3}},"line":76},"5":{"name":"(anonymous_5)","decl":{"start":{"line":108,"column":19},"end":{"line":108,"column":20}},"loc":{"start":{"line":108,"column":33},"end":{"line":110,"column":1}},"line":108},"6":{"name":"(anonymous_6)","decl":{"start":{"line":113,"column":35},"end":{"line":113,"column":36}},"loc":{"start":{"line":113,"column":55},"end":{"line":139,"column":1}},"line":113},"7":{"name":"(anonymous_7)","decl":{"start":{"line":142,"column":13},"end":{"line":142,"column":14}},"loc":{"start":{"line":142,"column":27},"end":{"line":144,"column":1}},"line":142},"8":{"name":"(anonymous_8)","decl":{"start":{"line":168,"column":20},"end":{"line":168,"column":21}},"loc":{"start":{"line":168,"column":32},"end":{"line":205,"column":1}},"line":168},"9":{"name":"(anonymous_9)","decl":{"start":{"line":186,"column":26},"end":{"line":186,"column":27}},"loc":{"start":{"line":186,"column":49},"end":{"line":195,"column":3}},"line":186},"10":{"name":"(anonymous_10)","decl":{"start":{"line":197,"column":27},"end":{"line":197,"column":28}},"loc":{"start":{"line":197,"column":44},"end":{"line":200,"column":3}},"line":197},"11":{"name":"(anonymous_11)","decl":{"start":{"line":202,"column":26},"end":{"line":202,"column":27}},"loc":{"start":{"line":202,"column":32},"end":{"line":204,"column":3}},"line":202},"12":{"name":"(anonymous_12)","decl":{"start":{"line":209,"column":22},"end":{"line":209,"column":23}},"loc":{"start":{"line":209,"column":28},"end":{"line":213,"column":3}},"line":209}},"branchMap":{"0":{"loc":{"start":{"line":24,"column":13},"end":{"line":24,"column":37}},"type":"binary-expr","locations":[{"start":{"line":24,"column":13},"end":{"line":24,"column":29}},{"start":{"line":24,"column":33},"end":{"line":24,"column":37}}],"line":24},"1":{"loc":{"start":{"line":40,"column":16},"end":{"line":40,"column":58}},"type":"binary-expr","locations":[{"start":{"line":40,"column":16},"end":{"line":40,"column":42}},{"start":{"line":40,"column":46},"end":{"line":40,"column":58}}],"line":40},"2":{"loc":{"start":{"line":63,"column":7},"end":{"line":63,"column":52}},"type":"cond-expr","locations":[{"start":{"line":63,"column":41},"end":{"line":63,"column":46}},{"start":{"line":63,"column":49},"end":{"line":63,"column":52}}],"line":63},"3":{"loc":{"start":{"line":71,"column":23},"end":{"line":73,"column":29}},"type":"cond-expr","locations":[{"start":{"line":72,"column":4},"end":{"line":72,"column":59}},{"start":{"line":73,"column":4},"end":{"line":73,"column":29}}],"line":71},"4":{"loc":{"start":{"line":78,"column":4},"end":{"line":82,"column":5}},"type":"if","locations":[{"start":{"line":78,"column":4},"end":{"line":82,"column":5}},{"start":{"line":80,"column":11},"end":{"line":82,"column":5}}],"line":78},"5":{"loc":{"start":{"line":78,"column":8},"end":{"line":78,"column":82}},"type":"binary-expr","locations":[{"start":{"line":78,"column":8},"end":{"line":78,"column":15}},{"start":{"line":78,"column":19},"end":{"line":78,"column":50}},{"start":{"line":78,"column":54},"end":{"line":78,"column":82}}],"line":78},"6":{"loc":{"start":{"line":118,"column":4},"end":{"line":126,"column":5}},"type":"if","locations":[{"start":{"line":118,"column":4},"end":{"line":126,"column":5}},{"start":{},"end":{}}],"line":118},"7":{"loc":{"start":{"line":118,"column":8},"end":{"line":118,"column":36}},"type":"binary-expr","locations":[{"start":{"line":118,"column":8},"end":{"line":118,"column":18}},{"start":{"line":118,"column":22},"end":{"line":118,"column":36}}],"line":118},"8":{"loc":{"start":{"line":119,"column":6},"end":{"line":125,"column":7}},"type":"if","locations":[{"start":{"line":119,"column":6},"end":{"line":125,"column":7}},{"start":{"line":122,"column":13},"end":{"line":125,"column":7}}],"line":119},"9":{"loc":{"start":{"line":122,"column":13},"end":{"line":125,"column":7}},"type":"if","locations":[{"start":{"line":122,"column":13},"end":{"line":125,"column":7}},{"start":{},"end":{}}],"line":122},"10":{"loc":{"start":{"line":132,"column":20},"end":{"line":132,"column":53}},"type":"binary-expr","locations":[{"start":{"line":132,"column":20},"end":{"line":132,"column":32}},{"start":{"line":132,"column":36},"end":{"line":132,"column":53}}],"line":132},"11":{"loc":{"start":{"line":133,"column":17},"end":{"line":133,"column":38}},"type":"cond-expr","locations":[{"start":{"line":133,"column":29},"end":{"line":133,"column":32}},{"start":{"line":133,"column":35},"end":{"line":133,"column":38}}],"line":133},"12":{"loc":{"start":{"line":135,"column":12},"end":{"line":135,"column":38}},"type":"cond-expr","locations":[{"start":{"line":135,"column":24},"end":{"line":135,"column":28}},{"start":{"line":135,"column":31},"end":{"line":135,"column":38}}],"line":135},"13":{"loc":{"start":{"line":170,"column":2},"end":{"line":174,"column":3}},"type":"if","locations":[{"start":{"line":170,"column":2},"end":{"line":174,"column":3}},{"start":{},"end":{}}],"line":170},"14":{"loc":{"start":{"line":193,"column":59},"end":{"line":193,"column":76}},"type":"binary-expr","locations":[{"start":{"line":193,"column":59},"end":{"line":193,"column":69}},{"start":{"line":193,"column":73},"end":{"line":193,"column":76}}],"line":193},"15":{"loc":{"start":{"line":203,"column":49},"end":{"line":203,"column":79}},"type":"binary-expr","locations":[{"start":{"line":203,"column":49},"end":{"line":203,"column":66}},{"start":{"line":203,"column":70},"end":{"line":203,"column":79}}],"line":203},"16":{"loc":{"start":{"line":208,"column":0},"end":{"line":214,"column":1}},"type":"if","locations":[{"start":{"line":208,"column":0},"end":{"line":214,"column":1}},{"start":{},"end":{}}],"line":208}},"s":{"0":12,"1":12,"2":12,"3":12,"4":12,"5":12,"6":12,"7":12,"8":12,"9":12,"10":12,"11":12,"12":12,"13":12,"14":12,"15":12,"16":12,"17":12,"18":12,"19":12,"20":12,"21":12,"22":12,"23":12,"24":103,"25":103,"26":103,"27":103,"28":12,"29":0,"30":103,"31":12,"32":12,"33":12,"34":0,"35":12,"36":103,"37":103,"38":0,"39":12,"40":12,"41":12,"42":12,"43":12,"44":12,"45":12,"46":12,"47":12,"48":3,"49":12,"50":2,"51":2,"52":2,"53":2,"54":2,"55":2,"56":2,"57":0,"58":0,"59":0,"60":0,"61":0,"62":2,"63":2,"64":2,"65":12,"66":0,"67":12,"68":12,"69":12,"70":12,"71":12,"72":12,"73":12,"74":12,"75":12,"76":12,"77":4,"78":4,"79":1,"80":1,"81":1,"82":3,"83":3,"84":3,"85":3,"86":0,"87":0,"88":0,"89":3,"90":2,"91":2,"92":1,"93":1,"94":1,"95":1,"96":3,"97":0,"98":0,"99":3,"100":3,"101":12,"102":0,"103":0,"104":0,"105":12},"f":{"0":103,"1":0,"2":103,"3":0,"4":103,"5":3,"6":2,"7":0,"8":4,"9":2,"10":0,"11":3,"12":0},"b":{"0":[12,0],"1":[103,102],"2":[12,0],"3":[0,12],"4":[103,0],"5":[103,0,0],"6":[2,0],"7":[2,2],"8":[2,0],"9":[0,0],"10":[2,1],"11":[1,1],"12":[1,1],"13":[1,3],"14":[1,0],"15":[3,0],"16":[0,12]},"_coverageSchema":"1a1c01bbd47fc00a2c39e90264f33305004495a9","hash":"f5d82b4f59a369def9ffffb48a097708e1d87a39"}
,"C:\\Users\\chira\\OneDrive\\Desktop\\cloud project\\photo-gallery\\backend\\config\\cloudinaryConfig.js": {"path":"C:\\Users\\chira\\OneDrive\\Desktop\\cloud project\\photo-gallery\\backend\\config\\cloudinaryConfig.js","statementMap":{"0":{"start":{"line":7,"column":19},"end":{"line":7,"column":43}},"1":{"start":{"line":9,"column":0},"end":{"line":13,"column":3}},"2":{"start":{"line":15,"column":0},"end":{"line":15,"column":28}}},"fnMap":{},"branchMap":{},"s":{"0":12,"1":12,"2":12},"f":{},"b":{},"_coverageSchema":"1a1c01bbd47fc00a2c39e90264f33305004495a9","hash":"97933b89ab01409ee8996347b404450371230896"}
,"C:\\Users\\chira\\OneDrive\\Desktop\\cloud project\\photo-gallery\\backend\\config\\logger.js": {"path":"C:\\Users\\chira\\OneDrive\\Desktop\\cloud project\\photo-gallery\\backend\\config\\logger.js","statementMap":{"0":{"start":{"line":1,"column":13},"end":{"line":1,"column":28}},"1":{"start":{"line":4,"column":15},"end":{"line":8,"column":2}},"2":{"start":{"line":10,"column":0},"end":{"line":10,"column":24}}},"fnMap":{},"branchMap":{"0":{"loc":{"start":{"line":5,"column":9},"end":{"line":5,"column":40}},"type":"binary-expr","locations":[{"start":{"line":5,"column":9},"end":{"line":5,"column":30}},{"start":{"line":5,"column":34},"end":{"line":5,"column":40}}],"line":5}},"s":{"0":13,"1":13,"2":13},"f":{},"b":{"0":[13,13]},"_coverageSchema":"1a1c01bbd47fc00a2c39e90264f33305004495a9","hash":"98ca8756ba0f41d8f226143182fb47bad5e12c55"}
,"C:\\Users\\chira\\OneDrive\\Desktop\\cloud project\\photo-gallery\\backend\\config\\swagger.js": {"path":"C:\\Users\\chira\\OneDrive\\Desktop\\cloud project\\photo-gallery\\backend\\config\\swagger.js","statementMap":{"0":{"start":{"line":1,"column":21},"end":{"line":1,"column":45}},"1":{"start":{"line":3,"column":26},"end":{"line":25,"column":1}},"2":{"start":{"line":27,"column":16},"end":{"line":30,"column":1}},"3":{"start":{"line":32,"column":20},"end":{"line":32,"column":41}},"4":{"start":{"line":34,"column":0},"end":{"line":34,"column":29}}},"fnMap":{},"branchMap":{},"s":{"0":12,"1":12,"2":12,"3":12,"4":12},"f":{},"b":{},"_coverageSchema":"1a1c01bbd47fc00a2c39e90264f33305004495a9","hash":"0a3f6e467daa40e65478152fea1835f0a8dfe427"}
,"C:\\Users\\chira\\OneDrive\\Desktop\\cloud project\\photo-gallery\\backend\\controllers\\albumController.js": {"path":"C:\\Users\\chira\\OneDrive\\Desktop\\cloud project\\photo-gallery\\backend\\controllers\\albumController.js","statementMap":{"0":{"start":{"line":2,"column":14},"end":{"line":2,"column":40}},"1":{"start":{"line":3,"column":14},"end":{"line":3,"column":40}},"2":{"start":{"line":4,"column":13},"end":{"line":4,"column":38}},"3":{"start":{"line":5,"column":17},"end":{"line":5,"column":46}},"4":{"start":{"line":6,"column":20},"end":{"line":6,"column":51}},"5":{"start":{"line":7,"column":32},"end":{"line":7,"column":69}},"6":{"start":{"line":13,"column":20},"end":{"line":31,"column":2}},"7":{"start":{"line":14,"column":44},"end":{"line":14,"column":52}},"8":{"start":{"line":16,"column":2},"end":{"line":18,"column":3}},"9":{"start":{"line":17,"column":4},"end":{"line":17,"column":55}},"10":{"start":{"line":20,"column":16},"end":{"line":25,"column":4}},"11":{"start":{"line":27,"column":21},"end":{"line":27,"column":39}},"12":{"start":{"line":28,"column":17},"end":{"line":28,"column":44}},"13":{"start":{"line":29,"column":2},"end":{"line":29,"column":52}},"14":{"start":{"line":30,"column":2},"end":{"line":30,"column":35}},"15":{"start":{"line":37,"column":18},"end":{"line":78,"column":2}},"16":{"start":{"line":38,"column":16},"end":{"line":38,"column":40}},"17":{"start":{"line":39,"column":17},"end":{"line":39,"column":28}},"18":{"start":{"line":41,"column":17},"end":{"line":41,"column":45}},"19":{"start":{"line":43,"column":2},"end":{"line":53,"column":3}},"20":{"start":{"line":44,"column":4},"end":{"line":44,"column":30}},"21":{"start":{"line":45,"column":9},"end":{"line":53,"column":3}},"22":{"start":{"line":46,"column":4},"end":{"line":46,"column":42}},"23":{"start":{"line":49,"column":4},"end":{"line":52,"column":6}},"24":{"start":{"line":55,"column":17},"end":{"line":55,"column":65}},"25":{"start":{"line":57,"column":25},"end":{"line":75,"column":3}},"26":{"start":{"line":59,"column":25},"end":{"line":59,"column":99}},"27":{"start":{"line":61,"column":23},"end":{"line":61,"column":39}},"28":{"start":{"line":62,"column":6},"end":{"line":67,"column":7}},"29":{"start":{"line":63,"column":27},"end":{"line":63,"column":117}},"30":{"start":{"line":64,"column":8},"end":{"line":66,"column":9}},"31":{"start":{"line":65,"column":10},"end":{"line":65,"column":38}},"32":{"start":{"line":69,"column":6},"end":{"line":73,"column":8}},"33":{"start":{"line":77,"column":2},"end":{"line":77,"column":39}},"34":{"start":{"line":84,"column":21},"end":{"line":110,"column":2}},"35":{"start":{"line":85,"column":16},"end":{"line":85,"column":98}},"36":{"start":{"line":86,"column":2},"end":{"line":88,"column":3}},"37":{"start":{"line":87,"column":4},"end":{"line":87,"column":48}},"38":{"start":{"line":91,"column":25},"end":{"line":91,"column":101}},"39":{"start":{"line":93,"column":21},"end":{"line":93,"column":95}},"40":{"start":{"line":94,"column":19},"end":{"line":94,"column":44}},"41":{"start":{"line":95,"column":2},"end":{"line":100,"column":3}},"42":{"start":{"line":96,"column":23},"end":{"line":96,"column":113}},"43":{"start":{"line":97,"column":4},"end":{"line":99,"column":5}},"44":{"start":{"line":98,"column":6},"end":{"line":98,"column":34}},"45":{"start":{"line":102,"column":23},"end":{"line":102,"column":48}},"46":{"start":{"line":103,"column":2},"end":{"line":103,"column":48}},"47":{"start":{"line":105,"column":2},"end":{"line":109,"column":5}},"48":{"start":{"line":116,"column":20},"end":{"line":135,"column":2}},"49":{"start":{"line":117,"column":16},"end":{"line":117,"column":51}},"50":{"start":{"line":118,"column":2},"end":{"line":120,"column":3}},"51":{"start":{"line":119,"column":4},"end":{"line":119,"column":48}},"52":{"start":{"line":123,"column":2},"end":{"line":125,"column":3}},"53":{"start":{"line":124,"column":4},"end":{"line":124,"column":67}},"54":{"start":{"line":128,"column":2},"end":{"line":128,"column":25}},"55":{"start":{"line":129,"column":2},"end":{"line":129,"column":31}},"56":{"start":{"line":130,"column":2},"end":{"line":130,"column":21}},"57":{"start":{"line":132,"column":17},"end":{"line":132,"column":44}},"58":{"start":{"line":133,"column":2},"end":{"line":133,"column":58}},"59":{"start":{"line":134,"column":2},"end":{"line":134,"column":96}},"60":{"start":{"line":141,"column":21},"end":{"line":159,"column":2}},"61":{"start":{"line":142,"column":16},"end":{"line":142,"column":51}},"62":{"start":{"line":143,"column":2},"end":{"line":145,"column":3}},"63":{"start":{"line":144,"column":4},"end":{"line":144,"column":48}},"64":{"start":{"line":148,"column":2},"end":{"line":150,"column":3}},"65":{"start":{"line":149,"column":4},"end":{"line":149,"column":68}},"66":{"start":{"line":152,"column":2},"end":{"line":152,"column":26}},"67":{"start":{"line":153,"column":2},"end":{"line":153,"column":25}},"68":{"start":{"line":154,"column":2},"end":{"line":154,"column":21}},"69":{"start":{"line":156,"column":17},"end":{"line":156,"column":44}},"70":{"start":{"line":157,"column":2},"end":{"line":157,"column":50}},"71":{"start":{"line":158,"column":2},"end":{"line":158,"column":75}},"72":{"start":{"line":165,"column":29},"end":{"line":185,"column":2}},"73":{"start":{"line":166,"column":16},"end":{"line":166,"column":51}},"74":{"start":{"line":167,"column":2},"end":{"line":169,"column":3}},"75":{"start":{"line":168,"column":4},"end":{"line":168,"column":48}},"76":{"start":{"line":172,"column":2},"end":{"line":174,"column":3}},"77":{"start":{"line":173,"column":4},"end":{"line":173,"column":79}},"78":{"start":{"line":177,"column":2},"end":{"line":177,"column":64}},"79":{"start":{"line":180,"column":2},"end":{"line":180,"column":47}},"80":{"start":{"line":182,"column":17},"end":{"line":182,"column":44}},"81":{"start":{"line":183,"column":2},"end":{"line":183,"column":65}},"82":{"start":{"line":184,"column":2},"end":{"line":184,"column":103}},"83":{"start":{"line":191,"column":24},"end":{"line":255,"column":2}},"84":{"start":{"line":192,"column":16},"end":{"line":192,"column":51}},"85":{"start":{"line":193,"column":2},"end":{"line":195,"column":3}},"86":{"start":{"line":194,"column":4},"end":{"line":194,"column":48}},"87":{"start":{"line":198,"column":2},"end":{"line":200,"column":3}},"88":{"start":{"line":199,"column":4},"end":{"line":199,"column":94}},"89":{"start":{"line":202,"column":26},"end":{"line":202,"column":34}},"90":{"start":{"line":203,"column":2},"end":{"line":205,"column":3}},"91":{"start":{"line":204,"column":4},"end":{"line":204,"column":60}},"92":{"start":{"line":207,"column":2},"end":{"line":209,"column":3}},"93":{"start":{"line":208,"column":4},"end":{"line":208,"column":55}},"94":{"start":{"line":212,"column":15},"end":{"line":212,"column":65}},"95":{"start":{"line":213,"column":2},"end":{"line":215,"column":3}},"96":{"start":{"line":214,"column":4},"end":{"line":214,"column":47}},"97":{"start":{"line":218,"column":2},"end":{"line":220,"column":3}},"98":{"start":{"line":219,"column":4},"end":{"line":219,"column":76}},"99":{"start":{"line":223,"column":20},"end":{"line":225,"column":3}},"100":{"start":{"line":224,"column":11},"end":{"line":224,"column":62}},"101":{"start":{"line":226,"column":2},"end":{"line":228,"column":3}},"102":{"start":{"line":227,"column":4},"end":{"line":227,"column":77}},"103":{"start":{"line":230,"column":2},"end":{"line":230,"column":53}},"104":{"start":{"line":231,"column":2},"end":{"line":231,"column":21}},"105":{"start":{"line":234,"column":2},"end":{"line":238,"column":5}},"106":{"start":{"line":241,"column":20},"end":{"line":241,"column":96}},"107":{"start":{"line":243,"column":17},"end":{"line":243,"column":44}},"108":{"start":{"line":244,"column":2},"end":{"line":244,"column":70}},"109":{"start":{"line":246,"column":13},"end":{"line":246,"column":30}},"110":{"start":{"line":247,"column":2},"end":{"line":249,"column":3}},"111":{"start":{"line":248,"column":4},"end":{"line":248,"column":109}},"112":{"start":{"line":251,"column":2},"end":{"line":254,"column":5}},"113":{"start":{"line":261,"column":27},"end":{"line":304,"column":2}},"114":{"start":{"line":262,"column":16},"end":{"line":262,"column":51}},"115":{"start":{"line":263,"column":2},"end":{"line":265,"column":3}},"116":{"start":{"line":264,"column":4},"end":{"line":264,"column":48}},"117":{"start":{"line":268,"column":2},"end":{"line":270,"column":3}},"118":{"start":{"line":269,"column":4},"end":{"line":269,"column":94}},"119":{"start":{"line":272,"column":21},"end":{"line":272,"column":31}},"120":{"start":{"line":275,"column":22},"end":{"line":275,"column":49}},"121":{"start":{"line":276,"column":26},"end":{"line":276,"column":73}},"122":{"start":{"line":278,"column":2},"end":{"line":280,"column":4}},"123":{"start":{"line":279,"column":11},"end":{"line":279,"column":49}},"124":{"start":{"line":282,"column":2},"end":{"line":282,"column":21}},"125":{"start":{"line":285,"column":2},"end":{"line":288,"column":5}},"126":{"start":{"line":290,"column":20},"end":{"line":290,"column":96}},"127":{"start":{"line":292,"column":17},"end":{"line":292,"column":44}},"128":{"start":{"line":293,"column":2},"end":{"line":293,"column":75}},"129":{"start":{"line":295,"column":13},"end":{"line":295,"column":30}},"130":{"start":{"line":296,"column":2},"end":{"line":298,"column":3}},"131":{"start":{"line":297,"column":4},"end":{"line":297,"column":102}},"132":{"start":{"line":300,"column":2},"end":{"line":303,"column":5}},"133":{"start":{"line":310,"column":31},"end":{"line":353,"column":2}},"134":{"start":{"line":311,"column":16},"end":{"line":311,"column":51}},"135":{"start":{"line":312,"column":2},"end":{"line":314,"column":3}},"136":{"start":{"line":313,"column":4},"end":{"line":313,"column":48}},"137":{"start":{"line":317,"column":2},"end":{"line":319,"column":3}},"138":{"start":{"line":318,"column":4},"end":{"line":318,"column":94}},"139":{"start":{"line":321,"column":21},"end":{"line":321,"column":31}},"140":{"start":{"line":322,"column":19},"end":{"line":322,"column":27}},"141":{"start":{"line":324,"column":2},"end":{"line":326,"column":3}},"142":{"start":{"line":325,"column":4},"end":{"line":325,"column":55}},"143":{"start":{"line":328,"column":23},"end":{"line":330,"column":3}},"144":{"start":{"line":329,"column":11},"end":{"line":329,"column":49}},"145":{"start":{"line":332,"column":2},"end":{"line":334,"column":3}},"146":{"start":{"line":333,"column":4},"end":{"line":333,"column":69}},"147":{"start":{"line":336,"column":2},"end":{"line":336,"column":27}},"148":{"start":{"line":337,"column":2},"end":{"line":337,"column":21}},"149":{"start":{"line":339,"column":20},"end":{"line":339,"column":96}},"150":{"start":{"line":341,"column":17},"end":{"line":341,"column":44}},"151":{"start":{"line":342,"column":2},"end":{"line":342,"column":89}},"152":{"start":{"line":344,"column":13},"end":{"line":344,"column":30}},"153":{"start":{"line":345,"column":2},"end":{"line":347,"column":3}},"154":{"start":{"line":346,"column":4},"end":{"line":346,"column":108}},"155":{"start":{"line":349,"column":2},"end":{"line":352,"column":5}},"156":{"start":{"line":359,"column":25},"end":{"line":378,"column":2}},"157":{"start":{"line":360,"column":18},"end":{"line":360,"column":31}},"158":{"start":{"line":361,"column":15},"end":{"line":361,"column":48}},"159":{"start":{"line":362,"column":16},"end":{"line":362,"column":51}},"160":{"start":{"line":363,"column":15},"end":{"line":363,"column":33}},"161":{"start":{"line":365,"column":26},"end":{"line":365,"column":75}},"162":{"start":{"line":366,"column":21},"end":{"line":370,"column":30}},"163":{"start":{"line":372,"column":2},"end":{"line":377,"column":5}},"164":{"start":{"line":380,"column":0},"end":{"line":391,"column":2}}},"fnMap":{"0":{"name":"(anonymous_0)","decl":{"start":{"line":13,"column":30},"end":{"line":13,"column":31}},"loc":{"start":{"line":13,"column":50},"end":{"line":31,"column":1}},"line":13},"1":{"name":"(anonymous_1)","decl":{"start":{"line":37,"column":28},"end":{"line":37,"column":29}},"loc":{"start":{"line":37,"column":48},"end":{"line":78,"column":1}},"line":37},"2":{"name":"(anonymous_2)","decl":{"start":{"line":58,"column":15},"end":{"line":58,"column":16}},"loc":{"start":{"line":58,"column":32},"end":{"line":74,"column":5}},"line":58},"3":{"name":"(anonymous_3)","decl":{"start":{"line":84,"column":31},"end":{"line":84,"column":32}},"loc":{"start":{"line":84,"column":51},"end":{"line":110,"column":1}},"line":84},"4":{"name":"(anonymous_4)","decl":{"start":{"line":116,"column":30},"end":{"line":116,"column":31}},"loc":{"start":{"line":116,"column":50},"end":{"line":135,"column":1}},"line":116},"5":{"name":"(anonymous_5)","decl":{"start":{"line":141,"column":31},"end":{"line":141,"column":32}},"loc":{"start":{"line":141,"column":51},"end":{"line":159,"column":1}},"line":141},"6":{"name":"(anonymous_6)","decl":{"start":{"line":165,"column":39},"end":{"line":165,"column":40}},"loc":{"start":{"line":165,"column":59},"end":{"line":185,"column":1}},"line":165},"7":{"name":"(anonymous_7)","decl":{"start":{"line":191,"column":34},"end":{"line":191,"column":35}},"loc":{"start":{"line":191,"column":54},"end":{"line":255,"column":1}},"line":191},"8":{"name":"(anonymous_8)","decl":{"start":{"line":224,"column":4},"end":{"line":224,"column":5}},"loc":{"start":{"line":224,"column":11},"end":{"line":224,"column":62}},"line":224},"9":{"name":"(anonymous_9)","decl":{"start":{"line":261,"column":37},"end":{"line":261,"column":38}},"loc":{"start":{"line":261,"column":57},"end":{"line":304,"column":1}},"line":261},"10":{"name":"(anonymous_10)","decl":{"start":{"line":279,"column":4},"end":{"line":279,"column":5}},"loc":{"start":{"line":279,"column":11},"end":{"line":279,"column":49}},"line":279},"11":{"name":"(anonymous_11)","decl":{"start":{"line":310,"column":41},"end":{"line":310,"column":42}},"loc":{"start":{"line":310,"column":61},"end":{"line":353,"column":1}},"line":310},"12":{"name":"(anonymous_12)","decl":{"start":{"line":329,"column":4},"end":{"line":329,"column":5}},"loc":{"start":{"line":329,"column":11},"end":{"line":329,"column":49}},"line":329},"13":{"name":"(anonymous_13)","decl":{"start":{"line":359,"column":35},"end":{"line":359,"column":36}},"loc":{"start":{"line":359,"column":55},"end":{"line":378,"column":1}},"line":359}},"branchMap":{"0":{"loc":{"start":{"line":16,"column":2},"end":{"line":18,"column":3}},"type":"if","locations":[{"start":{"line":16,"column":2},"end":{"line":18,"column":3}},{"start":{},"end":{}}],"line":16},"1":{"loc":{"start":{"line":38,"column":16},"end":{"line":38,"column":40}},"type":"binary-expr","locations":[{"start":{"line":38,"column":16},"end":{"line":38,"column":31}},{"start":{"line":38,"column":35},"end":{"line":38,"column":40}}],"line":38},"2":{"loc":{"start":{"line":43,"column":2},"end":{"line":53,"column":3}},"type":"if","locations":[{"start":{"line":43,"column":2},"end":{"line":53,"column":3}},{"start":{"line":45,"column":9},"end":{"line":53,"column":3}}],"line":43},"3":{"loc":{"start":{"line":45,"column":9},"end":{"line":53,"column":3}},"type":"if","locations":[{"start":{"line":45,"column":9},"end":{"line":53,"column":3}},{"start":{"line":47,"column":9},"end":{"line":53,"column":3}}],"line":45},"4":{"loc":{"start":{"line":62,"column":6},"end":{"line":67,"column":7}},"type":"if","locations":[{"start":{"line":62,"column":6},"end":{"line":67,"column":7}},{"start":{},"end":{}}],"line":62},"5":{"loc":{"start":{"line":64,"column":8},"end":{"line":66,"column":9}},"type":"if","locations":[{"start":{"line":64,"column":8},"end":{"line":66,"column":9}},{"start":{},"end":{}}],"line":64},"6":{"loc":{"start":{"line":85,"column":16},"end":{"line":85,"column":98}},"type":"binary-expr","locations":[{"start":{"line":85,"column":16},"end":{"line":85,"column":25}},{"start":{"line":85,"column":29},"end":{"line":85,"column":98}}],"line":85},"7":{"loc":{"start":{"line":86,"column":2},"end":{"line":88,"column":3}},"type":"if","locations":[{"start":{"line":86,"column":2},"end":{"line":88,"column":3}},{"start":{},"end":{}}],"line":86},"8":{"loc":{"start":{"line":95,"column":2},"end":{"line":100,"column":3}},"type":"if","locations":[{"start":{"line":95,"column":2},"end":{"line":100,"column":3}},{"start":{},"end":{}}],"line":95},"9":{"loc":{"start":{"line":97,"column":4},"end":{"line":99,"column":5}},"type":"if","locations":[{"start":{"line":97,"column":4},"end":{"line":99,"column":5}},{"start":{},"end":{}}],"line":97},"10":{"loc":{"start":{"line":103,"column":22},"end":{"line":103,"column":47}},"type":"binary-expr","locations":[{"start":{"line":103,"column":22},"end":{"line":103,"column":35}},{"start":{"line":103,"column":39},"end":{"line":103,"column":47}}],"line":103},"11":{"loc":{"start":{"line":118,"column":2},"end":{"line":120,"column":3}},"type":"if","locations":[{"start":{"line":118,"column":2},"end":{"line":120,"column":3}},{"start":{},"end":{}}],"line":118},"12":{"loc":{"start":{"line":123,"column":2},"end":{"line":125,"column":3}},"type":"if","locations":[{"start":{"line":123,"column":2},"end":{"line":125,"column":3}},{"start":{},"end":{}}],"line":123},"13":{"loc":{"start":{"line":123,"column":6},"end":{"line":123,"column":68}},"type":"binary-expr","locations":[{"start":{"line":123,"column":6},"end":{"line":123,"column":22}},{"start":{"line":123,"column":26},"end":{"line":123,"column":68}}],"line":123},"14":{"loc":{"start":{"line":143,"column":2},"end":{"line":145,"column":3}},"type":"if","locations":[{"start":{"line":143,"column":2},"end":{"line":145,"column":3}},{"start":{},"end":{}}],"line":143},"15":{"loc":{"start":{"line":148,"column":2},"end":{"line":150,"column":3}},"type":"if","locations":[{"start":{"line":148,"column":2},"end":{"line":150,"column":3}},{"start":{},"end":{}}],"line":148},"16":{"loc":{"start":{"line":148,"column":6},"end":{"line":148,"column":68}},"type":"binary-expr","locations":[{"start":{"line":148,"column":6},"end":{"line":148,"column":22}},{"start":{"line":148,"column":26},"end":{"line":148,"column":68}}],"line":148},"17":{"loc":{"start":{"line":167,"column":2},"end":{"line":169,"column":3}},"type":"if","locations":[{"start":{"line":167,"column":2},"end":{"line":169,"column":3}},{"start":{},"end":{}}],"line":167},"18":{"loc":{"start":{"line":172,"column":2},"end":{"line":174,"column":3}},"type":"if","locations":[{"start":{"line":172,"column":2},"end":{"line":174,"column":3}},{"start":{},"end":{}}],"line":172},"19":{"loc":{"start":{"line":172,"column":6},"end":{"line":172,"column":68}},"type":"binary-expr","locations":[{"start":{"line":172,"column":6},"end":{"line":172,"column":22}},{"start":{"line":172,"column":26},"end":{"line":172,"column":68}}],"line":172},"20":{"loc":{"start":{"line":193,"column":2},"end":{"line":195,"column":3}},"type":"if","locations":[{"start":{"line":193,"column":2},"end":{"line":195,"column":3}},{"start":{},"end":{}}],"line":193},"21":{"loc":{"start":{"line":198,"column":2},"end":{"line":200,"column":3}},"type":"if","locations":[{"start":{"line":198,"column":2},"end":{"line":200,"column":3}},{"start":{},"end":{}}],"line":198},"22":{"loc":{"start":{"line":198,"column":6},"end":{"line":198,"column":68}},"type":"binary-expr","locations":[{"start":{"line":198,"column":6},"end":{"line":198,"column":22}},{"start":{"line":198,"column":26},"end":{"line":198,"column":68}}],"line":198},"23":{"loc":{"start":{"line":203,"column":2},"end":{"line":205,"column":3}},"type":"if","locations":[{"start":{"line":203,"column":2},"end":{"line":205,"column":3}},{"start":{},"end":{}}],"line":203},"24":{"loc":{"start":{"line":203,"column":6},"end":{"line":203,"column":21}},"type":"binary-expr","locations":[{"start":{"line":203,"column":6},"end":{"line":203,"column":12}},{"start":{"line":203,"column":16},"end":{"line":203,"column":21}}],"line":203},"25":{"loc":{"start":{"line":207,"column":2},"end":{"line":209,"column":3}},"type":"if","locations":[{"start":{"line":207,"column":2},"end":{"line":209,"column":3}},{"start":{},"end":{}}],"line":207},"26":{"loc":{"start":{"line":213,"column":2},"end":{"line":215,"column":3}},"type":"if","locations":[{"start":{"line":213,"column":2},"end":{"line":215,"column":3}},{"start":{},"end":{}}],"line":213},"27":{"loc":{"start":{"line":218,"column":2},"end":{"line":220,"column":3}},"type":"if","locations":[{"start":{"line":218,"column":2},"end":{"line":220,"column":3}},{"start":{},"end":{}}],"line":218},"28":{"loc":{"start":{"line":224,"column":11},"end":{"line":224,"column":62}},"type":"binary-expr","locations":[{"start":{"line":224,"column":11},"end":{"line":224,"column":17}},{"start":{"line":224,"column":21},"end":{"line":224,"column":62}}],"line":224},"29":{"loc":{"start":{"line":226,"column":2},"end":{"line":228,"column":3}},"type":"if","locations":[{"start":{"line":226,"column":2},"end":{"line":228,"column":3}},{"start":{},"end":{}}],"line":226},"30":{"loc":{"start":{"line":247,"column":2},"end":{"line":249,"column":3}},"type":"if","locations":[{"start":{"line":247,"column":2},"end":{"line":249,"column":3}},{"start":{},"end":{}}],"line":247},"31":{"loc":{"start":{"line":263,"column":2},"end":{"line":265,"column":3}},"type":"if","locations":[{"start":{"line":263,"column":2},"end":{"line":265,"column":3}},{"start":{},"end":{}}],"line":263},"32":{"loc":{"start":{"line":268,"column":2},"end":{"line":270,"column":3}},"type":"if","locations":[{"start":{"line":268,"column":2},"end":{"line":270,"column":3}},{"start":{},"end":{}}],"line":268},"33":{"loc":{"start":{"line":268,"column":6},"end":{"line":268,"column":68}},"type":"binary-expr","locations":[{"start":{"line":268,"column":6},"end":{"line":268,"column":22}},{"start":{"line":268,"column":26},"end":{"line":268,"column":68}}],"line":268},"34":{"loc":{"start":{"line":276,"column":26},"end":{"line":276,"column":73}},"type":"cond-expr","locations":[{"start":{"line":276,"column":40},"end":{"line":276,"column":56}},{"start":{"line":276,"column":59},"end":{"line":276,"column":73}}],"line":276},"35":{"loc":{"start":{"line":279,"column":11},"end":{"line":279,"column":49}},"type":"binary-expr","locations":[{"start":{"line":279,"column":11},"end":{"line":279,"column":17}},{"start":{"line":279,"column":21},"end":{"line":279,"column":49}}],"line":279},"36":{"loc":{"start":{"line":296,"column":2},"end":{"line":298,"column":3}},"type":"if","locations":[{"start":{"line":296,"column":2},"end":{"line":298,"column":3}},{"start":{},"end":{}}],"line":296},"37":{"loc":{"start":{"line":312,"column":2},"end":{"line":314,"column":3}},"type":"if","locations":[{"start":{"line":312,"column":2},"end":{"line":314,"column":3}},{"start":{},"end":{}}],"line":312},"38":{"loc":{"start":{"line":317,"column":2},"end":{"line":319,"column":3}},"type":"if","locations":[{"start":{"line":317,"column":2},"end":{"line":319,"column":3}},{"start":{},"end":{}}],"line":317},"39":{"loc":{"start":{"line":317,"column":6},"end":{"line":317,"column":68}},"type":"binary-expr","locations":[{"start":{"line":317,"column":6},"end":{"line":317,"column":22}},{"start":{"line":317,"column":26},"end":{"line":317,"column":68}}],"line":317},"40":{"loc":{"start":{"line":324,"column":2},"end":{"line":326,"column":3}},"type":"if","locations":[{"start":{"line":324,"column":2},"end":{"line":326,"column":3}},{"start":{},"end":{}}],"line":324},"41":{"loc":{"start":{"line":324,"column":6},"end":{"line":324,"column":56}},"type":"binary-expr","locations":[{"start":{"line":324,"column":6},"end":{"line":324,"column":11}},{"start":{"line":324,"column":15},"end":{"line":324,"column":56}}],"line":324},"42":{"loc":{"start":{"line":329,"column":11},"end":{"line":329,"column":49}},"type":"binary-expr","locations":[{"start":{"line":329,"column":11},"end":{"line":329,"column":17}},{"start":{"line":329,"column":21},"end":{"line":329,"column":49}}],"line":329},"43":{"loc":{"start":{"line":332,"column":2},"end":{"line":334,"column":3}},"type":"if","locations":[{"start":{"line":332,"column":2},"end":{"line":334,"column":3}},{"start":{},"end":{}}],"line":332},"44":{"loc":{"start":{"line":345,"column":2},"end":{"line":347,"column":3}},"type":"if","locations":[{"start":{"line":345,"column":2},"end":{"line":347,"column":3}},{"start":{},"end":{}}],"line":345},"45":{"loc":{"start":{"line":361,"column":15},"end":{"line":361,"column":48}},"type":"binary-expr","locations":[{"start":{"line":361,"column":15},"end":{"line":361,"column":43}},{"start":{"line":361,"column":47},"end":{"line":361,"column":48}}],"line":361},"46":{"loc":{"start":{"line":362,"column":16},"end":{"line":362,"column":51}},"type":"binary-expr","locations":[{"start":{"line":362,"column":16},"end":{"line":362,"column":45}},{"start":{"line":362,"column":49},"end":{"line":362,"column":51}}],"line":362}},"s":{"0":12,"1":12,"2":12,"3":12,"4":12,"5":12,"6":12,"7":0,"8":0,"9":0,"10":0,"11":0,"12":0,"13":0,"14":0,"15":12,"16":2,"17":2,"18":2,"19":2,"20":1,"21":1,"22":1,"23":0,"24":2,"25":2,"26":1,"27":1,"28":1,"29":1,"30":1,"31":0,"32":1,"33":2,"34":12,"35":0,"36":0,"37":0,"38":0,"39":0,"40":0,"41":0,"42":0,"43":0,"44":0,"45":0,"46":0,"47":0,"48":12,"49":2,"50":2,"51":0,"52":2,"53":1,"54":1,"55":1,"56":1,"57":1,"58":1,"59":1,"60":12,"61":0,"62":0,"63":0,"64":0,"65":0,"66":0,"67":0,"68":0,"69":0,"70":0,"71":0,"72":12,"73":0,"74":0,"75":0,"76":0,"77":0,"78":0,"79":0,"80":0,"81":0,"82":0,"83":12,"84":3,"85":3,"86":0,"87":3,"88":1,"89":2,"90":2,"91":0,"92":2,"93":0,"94":2,"95":2,"96":0,"97":2,"98":0,"99":2,"100":0,"101":2,"102":0,"103":2,"104":2,"105":2,"106":2,"107":2,"108":2,"109":2,"110":2,"111":2,"112":2,"113":12,"114":2,"115":2,"116":0,"117":2,"118":0,"119":2,"120":2,"121":2,"122":2,"123":2,"124":2,"125":2,"126":2,"127":2,"128":2,"129":2,"130":2,"131":2,"132":2,"133":12,"134":1,"135":1,"136":0,"137":1,"138":0,"139":1,"140":1,"141":1,"142":0,"143":1,"144":1,"145":1,"146":0,"147":1,"148":1,"149":1,"150":1,"151":1,"152":1,"153":1,"154":1,"155":1,"156":12,"157":1,"158":1,"159":1,"160":1,"161":1,"162":1,"163":1,"164":12},"f":{"0":0,"1":2,"2":1,"3":0,"4":2,"5":0,"6":0,"7":3,"8":0,"9":2,"10":2,"11":1,"12":1,"13":1},"b":{"0":[0,0],"1":[2,0],"2":[1,1],"3":[1,0],"4":[1,0],"5":[0,1],"6":[0,0],"7":[0,0],"8":[0,0],"9":[0,0],"10":[0,0],"11":[0,2],"12":[1,1],"13":[2,2],"14":[0,0],"15":[0,0],"16":[0,0],"17":[0,0],"18":[0,0],"19":[0,0],"20":[0,3],"21":[1,2],"22":[3,3],"23":[0,2],"24":[2,2],"25":[0,2],"26":[0,2],"27":[0,2],"28":[0,0],"29":[0,2],"30":[2,0],"31":[0,2],"32":[0,2],"33":[2,2],"34":[2,0],"35":[2,2],"36":[2,0],"37":[0,1],"38":[0,1],"39":[1,1],"40":[0,1],"41":[1,1],"42":[1,1],"43":[0,1],"44":[1,0],"45":[1,1],"46":[1,1]},"_coverageSchema":"1a1c01bbd47fc00a2c39e90264f33305004495a9","hash":"1d32927f739f8eecdb76ff1165044f8f2aafcbd7"}
,"C:\\Users\\chira\\OneDrive\\Desktop\\cloud project\\photo-gallery\\backend\\controllers\\authController.js": {"path":"C:\\Users\\chira\\OneDrive\\Desktop\\cloud project\\photo-gallery\\backend\\controllers\\authController.js","statementMap":{"0":{"start":{"line":2,"column":13},"end":{"line":2,"column":38}},"1":{"start":{"line":3,"column":16},"end":{"line":3,"column":44}},"2":{"start":{"line":4,"column":15},"end":{"line":4,"column":34}},"3":{"start":{"line":5,"column":12},"end":{"line":5,"column":35}},"4":{"start":{"line":6,"column":15},"end":{"line":6,"column":32}},"5":{"start":{"line":7,"column":32},"end":{"line":7,"column":69}},"6":{"start":{"line":13,"column":20},"end":{"line":32,"column":1}},"7":{"start":{"line":14,"column":16},"end":{"line":18,"column":3}},"8":{"start":{"line":20,"column":26},"end":{"line":20,"column":64}},"9":{"start":{"line":21,"column":27},"end":{"line":21,"column":65}},"10":{"start":{"line":23,"column":18},"end":{"line":28,"column":4}},"11":{"start":{"line":29,"column":2},"end":{"line":29,"column":23}},"12":{"start":{"line":31,"column":2},"end":{"line":31,"column":50}},"13":{"start":{"line":35,"column":17},"end":{"line":70,"column":2}},"14":{"start":{"line":36,"column":36},"end":{"line":36,"column":44}},"15":{"start":{"line":39,"column":23},"end":{"line":39,"column":52}},"16":{"start":{"line":40,"column":2},"end":{"line":42,"column":3}},"17":{"start":{"line":41,"column":4},"end":{"line":41,"column":68}},"18":{"start":{"line":45,"column":15},"end":{"line":45,"column":39}},"19":{"start":{"line":46,"column":23},"end":{"line":46,"column":56}},"20":{"start":{"line":49,"column":15},"end":{"line":53,"column":4}},"21":{"start":{"line":55,"column":20},"end":{"line":55,"column":37}},"22":{"start":{"line":56,"column":34},"end":{"line":56,"column":67}},"23":{"start":{"line":58,"column":17},"end":{"line":58,"column":44}},"24":{"start":{"line":59,"column":2},"end":{"line":59,"column":56}},"25":{"start":{"line":61,"column":2},"end":{"line":69,"column":5}},"26":{"start":{"line":73,"column":14},"end":{"line":102,"column":2}},"27":{"start":{"line":74,"column":30},"end":{"line":74,"column":38}},"28":{"start":{"line":77,"column":15},"end":{"line":77,"column":44}},"29":{"start":{"line":78,"column":2},"end":{"line":80,"column":3}},"30":{"start":{"line":79,"column":4},"end":{"line":79,"column":51}},"31":{"start":{"line":83,"column":18},"end":{"line":83,"column":67}},"32":{"start":{"line":84,"column":2},"end":{"line":86,"column":3}},"33":{"start":{"line":85,"column":4},"end":{"line":85,"column":51}},"34":{"start":{"line":88,"column":34},"end":{"line":88,"column":62}},"35":{"start":{"line":90,"column":17},"end":{"line":90,"column":44}},"36":{"start":{"line":91,"column":2},"end":{"line":91,"column":50}},"37":{"start":{"line":93,"column":2},"end":{"line":101,"column":5}},"38":{"start":{"line":105,"column":16},"end":{"line":158,"column":2}},"39":{"start":{"line":106,"column":27},"end":{"line":106,"column":35}},"40":{"start":{"line":107,"column":2},"end":{"line":109,"column":3}},"41":{"start":{"line":108,"column":4},"end":{"line":108,"column":58}},"42":{"start":{"line":112,"column":25},"end":{"line":115,"column":4}},"43":{"start":{"line":117,"column":23},"end":{"line":117,"column":27}},"44":{"start":{"line":118,"column":2},"end":{"line":123,"column":3}},"45":{"start":{"line":119,"column":4},"end":{"line":122,"column":5}},"46":{"start":{"line":120,"column":6},"end":{"line":120,"column":31}},"47":{"start":{"line":121,"column":6},"end":{"line":121,"column":12}},"48":{"start":{"line":125,"column":2},"end":{"line":145,"column":3}},"49":{"start":{"line":127,"column":4},"end":{"line":127,"column":42}},"50":{"start":{"line":128,"column":4},"end":{"line":128,"column":32}},"51":{"start":{"line":131,"column":17},"end":{"line":131,"column":59}},"52":{"start":{"line":132,"column":4},"end":{"line":134,"column":5}},"53":{"start":{"line":133,"column":6},"end":{"line":133,"column":49}},"54":{"start":{"line":137,"column":69},"end":{"line":137,"column":97}},"55":{"start":{"line":138,"column":19},"end":{"line":138,"column":46}},"56":{"start":{"line":139,"column":4},"end":{"line":139,"column":60}},"57":{"start":{"line":141,"column":4},"end":{"line":144,"column":7}},"58":{"start":{"line":148,"column":26},"end":{"line":148,"column":74}},"59":{"start":{"line":149,"column":2},"end":{"line":155,"column":3}},"60":{"start":{"line":150,"column":4},"end":{"line":154,"column":5}},"61":{"start":{"line":151,"column":21},"end":{"line":151,"column":48}},"62":{"start":{"line":152,"column":6},"end":{"line":152,"column":130}},"63":{"start":{"line":153,"column":6},"end":{"line":153,"column":12}},"64":{"start":{"line":157,"column":2},"end":{"line":157,"column":63}},"65":{"start":{"line":161,"column":15},"end":{"line":179,"column":2}},"66":{"start":{"line":162,"column":27},"end":{"line":162,"column":35}},"67":{"start":{"line":163,"column":2},"end":{"line":165,"column":3}},"68":{"start":{"line":164,"column":4},"end":{"line":164,"column":58}},"69":{"start":{"line":167,"column":23},"end":{"line":167,"column":83}},"70":{"start":{"line":168,"column":2},"end":{"line":176,"column":3}},"71":{"start":{"line":169,"column":4},"end":{"line":175,"column":5}},"72":{"start":{"line":170,"column":6},"end":{"line":170,"column":37}},"73":{"start":{"line":171,"column":6},"end":{"line":171,"column":27}},"74":{"start":{"line":172,"column":21},"end":{"line":172,"column":48}},"75":{"start":{"line":173,"column":6},"end":{"line":173,"column":64}},"76":{"start":{"line":174,"column":6},"end":{"line":174,"column":80}},"77":{"start":{"line":178,"column":2},"end":{"line":178,"column":48}},"78":{"start":{"line":182,"column":20},"end":{"line":197,"column":2}},"79":{"start":{"line":183,"column":25},"end":{"line":187,"column":4}},"80":{"start":{"line":189,"column":17},"end":{"line":194,"column":5}},"81":{"start":{"line":189,"column":50},"end":{"line":194,"column":3}},"82":{"start":{"line":196,"column":2},"end":{"line":196,"column":31}},"83":{"start":{"line":200,"column":22},"end":{"line":214,"column":2}},"84":{"start":{"line":201,"column":18},"end":{"line":201,"column":55}},"85":{"start":{"line":202,"column":2},"end":{"line":204,"column":3}},"86":{"start":{"line":203,"column":4},"end":{"line":203,"column":50}},"87":{"start":{"line":206,"column":2},"end":{"line":208,"column":3}},"88":{"start":{"line":207,"column":4},"end":{"line":207,"column":78}},"89":{"start":{"line":210,"column":2},"end":{"line":210,"column":33}},"90":{"start":{"line":211,"column":2},"end":{"line":211,"column":23}},"91":{"start":{"line":213,"column":2},"end":{"line":213,"column":69}},"92":{"start":{"line":216,"column":0},"end":{"line":223,"column":2}}},"fnMap":{"0":{"name":"(anonymous_0)","decl":{"start":{"line":13,"column":20},"end":{"line":13,"column":21}},"loc":{"start":{"line":13,"column":41},"end":{"line":32,"column":1}},"line":13},"1":{"name":"(anonymous_1)","decl":{"start":{"line":35,"column":27},"end":{"line":35,"column":28}},"loc":{"start":{"line":35,"column":47},"end":{"line":70,"column":1}},"line":35},"2":{"name":"(anonymous_2)","decl":{"start":{"line":73,"column":24},"end":{"line":73,"column":25}},"loc":{"start":{"line":73,"column":44},"end":{"line":102,"column":1}},"line":73},"3":{"name":"(anonymous_3)","decl":{"start":{"line":105,"column":26},"end":{"line":105,"column":27}},"loc":{"start":{"line":105,"column":46},"end":{"line":158,"column":1}},"line":105},"4":{"name":"(anonymous_4)","decl":{"start":{"line":161,"column":25},"end":{"line":161,"column":26}},"loc":{"start":{"line":161,"column":45},"end":{"line":179,"column":1}},"line":161},"5":{"name":"(anonymous_5)","decl":{"start":{"line":182,"column":30},"end":{"line":182,"column":31}},"loc":{"start":{"line":182,"column":50},"end":{"line":197,"column":1}},"line":182},"6":{"name":"(anonymous_6)","decl":{"start":{"line":189,"column":36},"end":{"line":189,"column":37}},"loc":{"start":{"line":189,"column":50},"end":{"line":194,"column":3}},"line":189},"7":{"name":"(anonymous_7)","decl":{"start":{"line":200,"column":32},"end":{"line":200,"column":33}},"loc":{"start":{"line":200,"column":52},"end":{"line":214,"column":1}},"line":200}},"branchMap":{"0":{"loc":{"start":{"line":26,"column":15},"end":{"line":26,"column":46}},"type":"binary-expr","locations":[{"start":{"line":26,"column":15},"end":{"line":26,"column":40}},{"start":{"line":26,"column":44},"end":{"line":26,"column":46}}],"line":26},"1":{"loc":{"start":{"line":40,"column":2},"end":{"line":42,"column":3}},"type":"if","locations":[{"start":{"line":40,"column":2},"end":{"line":42,"column":3}},{"start":{},"end":{}}],"line":40},"2":{"loc":{"start":{"line":78,"column":2},"end":{"line":80,"column":3}},"type":"if","locations":[{"start":{"line":78,"column":2},"end":{"line":80,"column":3}},{"start":{},"end":{}}],"line":78},"3":{"loc":{"start":{"line":84,"column":2},"end":{"line":86,"column":3}},"type":"if","locations":[{"start":{"line":84,"column":2},"end":{"line":86,"column":3}},{"start":{},"end":{}}],"line":84},"4":{"loc":{"start":{"line":107,"column":2},"end":{"line":109,"column":3}},"type":"if","locations":[{"start":{"line":107,"column":2},"end":{"line":109,"column":3}},{"start":{},"end":{}}],"line":107},"5":{"loc":{"start":{"line":119,"column":4},"end":{"line":122,"column":5}},"type":"if","locations":[{"start":{"line":119,"column":4},"end":{"line":122,"column":5}},{"start":{},"end":{}}],"line":119},"6":{"loc":{"start":{"line":125,"column":2},"end":{"line":145,"column":3}},"type":"if","locations":[{"start":{"line":125,"column":2},"end":{"line":145,"column":3}},{"start":{},"end":{}}],"line":125},"7":{"loc":{"start":{"line":132,"column":4},"end":{"line":134,"column":5}},"type":"if","locations":[{"start":{"line":132,"column":4},"end":{"line":134,"column":5}},{"start":{},"end":{}}],"line":132},"8":{"loc":{"start":{"line":150,"column":4},"end":{"line":154,"column":5}},"type":"if","locations":[{"start":{"line":150,"column":4},"end":{"line":154,"column":5}},{"start":{},"end":{}}],"line":150},"9":{"loc":{"start":{"line":163,"column":2},"end":{"line":165,"column":3}},"type":"if","locations":[{"start":{"line":163,"column":2},"end":{"line":165,"column":3}},{"start":{},"end":{}}],"line":163},"10":{"loc":{"start":{"line":169,"column":4},"end":{"line":175,"column":5}},"type":"if","locations":[{"start":{"line":169,"column":4},"end":{"line":175,"column":5}},{"start":{},"end":{}}],"line":169},"11":{"loc":{"start":{"line":202,"column":2},"end":{"line":204,"column":3}},"type":"if","locations":[{"start":{"line":202,"column":2},"end":{"line":204,"column":3}},{"start":{},"end":{}}],"line":202},"12":{"loc":{"start":{"line":206,"column":2},"end":{"line":208,"column":3}},"type":"if","locations":[{"start":{"line":206,"column":2},"end":{"line":208,"column":3}},{"start":{},"end":{}}],"line":206}},"s":{"0":12,"1":12,"2":12,"3":12,"4":12,"5":12,"6":12,"7":24,"8":24,"9":24,"10":24,"11":24,"12":24,"13":12,"14":14,"15":14,"16":14,"17":1,"18":13,"19":13,"20":13,"21":13,"22":13,"23":13,"24":13,"25":13,"26":12,"27":10,"28":10,"29":10,"30":0,"31":10,"32":10,"33":1,"34":9,"35":9,"36":9,"37":9,"38":12,"39":5,"40":5,"41":0,"42":5,"43":5,"44":5,"45":14,"46":2,"47":2,"48":5,"49":2,"50":2,"51":2,"52":2,"53":0,"54":2,"55":2,"56":2,"57":2,"58":3,"59":3,"60":3,"61":3,"62":3,"63":3,"64":3,"65":12,"66":1,"67":1,"68":0,"69":1,"70":1,"71":2,"72":1,"73":1,"74":1,"75":1,"76":1,"77":0,"78":12,"79":1,"80":1,"81":2,"82":1,"83":12,"84":1,"85":1,"86":0,"87":1,"88":1,"89":0,"90":0,"91":0,"92":12},"f":{"0":24,"1":14,"2":10,"3":5,"4":1,"5":1,"6":2,"7":1},"b":{"0":[24,24],"1":[1,13],"2":[0,10],"3":[1,9],"4":[0,5],"5":[2,12],"6":[2,3],"7":[0,2],"8":[3,0],"9":[0,1],"10":[1,1],"11":[0,1],"12":[1,0]},"_coverageSchema":"1a1c01bbd47fc00a2c39e90264f33305004495a9","hash":"8162bdbe28c3ba254b91d69d23f73652c355cbf6"}
,"C:\\Users\\chira\\OneDrive\\Desktop\\cloud project\\photo-gallery\\backend\\controllers\\commentController.js": {"path":"C:\\Users\\chira\\OneDrive\\Desktop\\cloud project\\photo-gallery\\backend\\controllers\\commentController.js","statementMap":{"0":{"start":{"line":2,"column":16},"end":{"line":2,"column":44}},"1":{"start":{"line":3,"column":14},"end":{"line":3,"column":40}},"2":{"start":{"line":4,"column":14},"end":{"line":4,"column":40}},"3":{"start":{"line":5,"column":20},"end":{"line":5,"column":51}},"4":{"start":{"line":6,"column":32},"end":{"line":6,"column":69}},"5":{"start":{"line":13,"column":29},"end":{"line":36,"column":1}},"6":{"start":{"line":14,"column":2},"end":{"line":35,"column":3}},"7":{"start":{"line":15,"column":18},"end":{"line":15,"column":51}},"8":{"start":{"line":16,"column":4},"end":{"line":18,"column":5}},"9":{"start":{"line":17,"column":6},"end":{"line":17,"column":61}},"10":{"start":{"line":20,"column":20},"end":{"line":20,"column":76}},"11":{"start":{"line":21,"column":27},"end":{"line":23,"column":5}},"12":{"start":{"line":22,"column":13},"end":{"line":22,"column":51}},"13":{"start":{"line":25,"column":4},"end":{"line":27,"column":5}},"14":{"start":{"line":26,"column":6},"end":{"line":26,"column":100}},"15":{"start":{"line":28,"column":4},"end":{"line":28,"column":17}},"16":{"start":{"line":30,"column":23},"end":{"line":30,"column":81}},"17":{"start":{"line":31,"column":4},"end":{"line":33,"column":5}},"18":{"start":{"line":32,"column":6},"end":{"line":32,"column":102}},"19":{"start":{"line":34,"column":4},"end":{"line":34,"column":16}},"20":{"start":{"line":42,"column":19},"end":{"line":81,"column":2}},"21":{"start":{"line":43,"column":19},"end":{"line":43,"column":27}},"22":{"start":{"line":44,"column":18},"end":{"line":44,"column":31}},"23":{"start":{"line":46,"column":2},"end":{"line":48,"column":3}},"24":{"start":{"line":47,"column":4},"end":{"line":47,"column":57}},"25":{"start":{"line":50,"column":16},"end":{"line":50,"column":79}},"26":{"start":{"line":51,"column":2},"end":{"line":53,"column":3}},"27":{"start":{"line":52,"column":4},"end":{"line":52,"column":48}},"28":{"start":{"line":55,"column":16},"end":{"line":55,"column":62}},"29":{"start":{"line":57,"column":18},"end":{"line":61,"column":4}},"30":{"start":{"line":63,"column":23},"end":{"line":63,"column":43}},"31":{"start":{"line":64,"column":27},"end":{"line":64,"column":94}},"32":{"start":{"line":67,"column":2},"end":{"line":76,"column":3}},"33":{"start":{"line":68,"column":4},"end":{"line":71,"column":7}},"34":{"start":{"line":72,"column":15},"end":{"line":72,"column":32}},"35":{"start":{"line":73,"column":4},"end":{"line":75,"column":5}},"36":{"start":{"line":74,"column":6},"end":{"line":74,"column":87}},"37":{"start":{"line":78,"column":17},"end":{"line":78,"column":44}},"38":{"start":{"line":79,"column":2},"end":{"line":79,"column":74}},"39":{"start":{"line":80,"column":2},"end":{"line":80,"column":41}},"40":{"start":{"line":87,"column":20},"end":{"line":115,"column":2}},"41":{"start":{"line":88,"column":18},"end":{"line":88,"column":31}},"42":{"start":{"line":89,"column":15},"end":{"line":89,"column":48}},"43":{"start":{"line":90,"column":16},"end":{"line":90,"column":51}},"44":{"start":{"line":91,"column":15},"end":{"line":91,"column":33}},"45":{"start":{"line":93,"column":16},"end":{"line":93,"column":79}},"46":{"start":{"line":94,"column":2},"end":{"line":96,"column":3}},"47":{"start":{"line":95,"column":4},"end":{"line":95,"column":48}},"48":{"start":{"line":98,"column":2},"end":{"line":98,"column":49}},"49":{"start":{"line":100,"column":24},"end":{"line":100,"column":72}},"50":{"start":{"line":101,"column":19},"end":{"line":105,"column":31}},"51":{"start":{"line":107,"column":21},"end":{"line":107,"column":53}},"52":{"start":{"line":109,"column":2},"end":{"line":114,"column":5}},"53":{"start":{"line":122,"column":22},"end":{"line":152,"column":2}},"54":{"start":{"line":123,"column":20},"end":{"line":123,"column":33}},"55":{"start":{"line":125,"column":18},"end":{"line":125,"column":51}},"56":{"start":{"line":126,"column":2},"end":{"line":128,"column":3}},"57":{"start":{"line":127,"column":4},"end":{"line":127,"column":50}},"58":{"start":{"line":131,"column":16},"end":{"line":131,"column":51}},"59":{"start":{"line":132,"column":21},"end":{"line":132,"column":26}},"60":{"start":{"line":134,"column":2},"end":{"line":139,"column":3}},"61":{"start":{"line":135,"column":18},"end":{"line":135,"column":51}},"62":{"start":{"line":136,"column":4},"end":{"line":138,"column":5}},"63":{"start":{"line":137,"column":6},"end":{"line":137,"column":26}},"64":{"start":{"line":141,"column":19},"end":{"line":141,"column":78}},"65":{"start":{"line":143,"column":2},"end":{"line":145,"column":3}},"66":{"start":{"line":144,"column":4},"end":{"line":144,"column":82}},"67":{"start":{"line":147,"column":2},"end":{"line":147,"column":45}},"68":{"start":{"line":149,"column":17},"end":{"line":149,"column":44}},"69":{"start":{"line":150,"column":2},"end":{"line":150,"column":73}},"70":{"start":{"line":151,"column":2},"end":{"line":151,"column":69}},"71":{"start":{"line":154,"column":0},"end":{"line":158,"column":2}}},"fnMap":{"0":{"name":"(anonymous_0)","decl":{"start":{"line":13,"column":29},"end":{"line":13,"column":30}},"loc":{"start":{"line":13,"column":54},"end":{"line":36,"column":1}},"line":13},"1":{"name":"(anonymous_1)","decl":{"start":{"line":22,"column":6},"end":{"line":22,"column":7}},"loc":{"start":{"line":22,"column":13},"end":{"line":22,"column":51}},"line":22},"2":{"name":"(anonymous_2)","decl":{"start":{"line":42,"column":29},"end":{"line":42,"column":30}},"loc":{"start":{"line":42,"column":49},"end":{"line":81,"column":1}},"line":42},"3":{"name":"(anonymous_3)","decl":{"start":{"line":87,"column":30},"end":{"line":87,"column":31}},"loc":{"start":{"line":87,"column":50},"end":{"line":115,"column":1}},"line":87},"4":{"name":"(anonymous_4)","decl":{"start":{"line":122,"column":32},"end":{"line":122,"column":33}},"loc":{"start":{"line":122,"column":52},"end":{"line":152,"column":1}},"line":122}},"branchMap":{"0":{"loc":{"start":{"line":14,"column":2},"end":{"line":35,"column":3}},"type":"if","locations":[{"start":{"line":14,"column":2},"end":{"line":35,"column":3}},{"start":{"line":29,"column":9},"end":{"line":35,"column":3}}],"line":14},"1":{"loc":{"start":{"line":16,"column":4},"end":{"line":18,"column":5}},"type":"if","locations":[{"start":{"line":16,"column":4},"end":{"line":18,"column":5}},{"start":{},"end":{}}],"line":16},"2":{"loc":{"start":{"line":20,"column":20},"end":{"line":20,"column":76}},"type":"binary-expr","locations":[{"start":{"line":20,"column":20},"end":{"line":20,"column":35}},{"start":{"line":20,"column":39},"end":{"line":20,"column":76}}],"line":20},"3":{"loc":{"start":{"line":21,"column":27},"end":{"line":23,"column":5}},"type":"binary-expr","locations":[{"start":{"line":21,"column":27},"end":{"line":21,"column":46}},{"start":{"line":21,"column":50},"end":{"line":23,"column":5}}],"line":21},"4":{"loc":{"start":{"line":22,"column":13},"end":{"line":22,"column":51}},"type":"binary-expr","locations":[{"start":{"line":22,"column":13},"end":{"line":22,"column":19}},{"start":{"line":22,"column":23},"end":{"line":22,"column":51}}],"line":22},"5":{"loc":{"start":{"line":25,"column":4},"end":{"line":27,"column":5}},"type":"if","locations":[{"start":{"line":25,"column":4},"end":{"line":27,"column":5}},{"start":{},"end":{}}],"line":25},"6":{"loc":{"start":{"line":25,"column":8},"end":{"line":25,"column":35}},"type":"binary-expr","locations":[{"start":{"line":25,"column":8},"end":{"line":25,"column":16}},{"start":{"line":25,"column":20},"end":{"line":25,"column":35}}],"line":25},"7":{"loc":{"start":{"line":30,"column":23},"end":{"line":30,"column":81}},"type":"binary-expr","locations":[{"start":{"line":30,"column":23},"end":{"line":30,"column":39}},{"start":{"line":30,"column":43},"end":{"line":30,"column":81}}],"line":30},"8":{"loc":{"start":{"line":31,"column":4},"end":{"line":33,"column":5}},"type":"if","locations":[{"start":{"line":31,"column":4},"end":{"line":33,"column":5}},{"start":{},"end":{}}],"line":31},"9":{"loc":{"start":{"line":46,"column":2},"end":{"line":48,"column":3}},"type":"if","locations":[{"start":{"line":46,"column":2},"end":{"line":48,"column":3}},{"start":{},"end":{}}],"line":46},"10":{"loc":{"start":{"line":46,"column":6},"end":{"line":46,"column":27}},"type":"binary-expr","locations":[{"start":{"line":46,"column":6},"end":{"line":46,"column":11}},{"start":{"line":46,"column":15},"end":{"line":46,"column":27}}],"line":46},"11":{"loc":{"start":{"line":51,"column":2},"end":{"line":53,"column":3}},"type":"if","locations":[{"start":{"line":51,"column":2},"end":{"line":53,"column":3}},{"start":{},"end":{}}],"line":51},"12":{"loc":{"start":{"line":67,"column":2},"end":{"line":76,"column":3}},"type":"if","locations":[{"start":{"line":67,"column":2},"end":{"line":76,"column":3}},{"start":{},"end":{}}],"line":67},"13":{"loc":{"start":{"line":67,"column":6},"end":{"line":67,"column":26}},"type":"binary-expr","locations":[{"start":{"line":67,"column":6},"end":{"line":67,"column":17}},{"start":{"line":67,"column":21},"end":{"line":67,"column":26}}],"line":67},"14":{"loc":{"start":{"line":73,"column":4},"end":{"line":75,"column":5}},"type":"if","locations":[{"start":{"line":73,"column":4},"end":{"line":75,"column":5}},{"start":{},"end":{}}],"line":73},"15":{"loc":{"start":{"line":89,"column":15},"end":{"line":89,"column":48}},"type":"binary-expr","locations":[{"start":{"line":89,"column":15},"end":{"line":89,"column":43}},{"start":{"line":89,"column":47},"end":{"line":89,"column":48}}],"line":89},"16":{"loc":{"start":{"line":90,"column":16},"end":{"line":90,"column":51}},"type":"binary-expr","locations":[{"start":{"line":90,"column":16},"end":{"line":90,"column":45}},{"start":{"line":90,"column":49},"end":{"line":90,"column":51}}],"line":90},"17":{"loc":{"start":{"line":94,"column":2},"end":{"line":96,"column":3}},"type":"if","locations":[{"start":{"line":94,"column":2},"end":{"line":96,"column":3}},{"start":{},"end":{}}],"line":94},"18":{"loc":{"start":{"line":126,"column":2},"end":{"line":128,"column":3}},"type":"if","locations":[{"start":{"line":126,"column":2},"end":{"line":128,"column":3}},{"start":{},"end":{}}],"line":126},"19":{"loc":{"start":{"line":134,"column":2},"end":{"line":139,"column":3}},"type":"if","locations":[{"start":{"line":134,"column":2},"end":{"line":139,"column":3}},{"start":{},"end":{}}],"line":134},"20":{"loc":{"start":{"line":134,"column":6},"end":{"line":134,"column":26}},"type":"binary-expr","locations":[{"start":{"line":134,"column":6},"end":{"line":134,"column":11}},{"start":{"line":134,"column":15},"end":{"line":134,"column":26}}],"line":134},"21":{"loc":{"start":{"line":136,"column":4},"end":{"line":138,"column":5}},"type":"if","locations":[{"start":{"line":136,"column":4},"end":{"line":138,"column":5}},{"start":{},"end":{}}],"line":136},"22":{"loc":{"start":{"line":136,"column":8},"end":{"line":136,"column":78}},"type":"binary-expr","locations":[{"start":{"line":136,"column":8},"end":{"line":136,"column":13}},{"start":{"line":136,"column":17},"end":{"line":136,"column":32}},{"start":{"line":136,"column":36},"end":{"line":136,"column":78}}],"line":136},"23":{"loc":{"start":{"line":141,"column":19},"end":{"line":141,"column":78}},"type":"binary-expr","locations":[{"start":{"line":141,"column":19},"end":{"line":141,"column":33}},{"start":{"line":141,"column":37},"end":{"line":141,"column":78}}],"line":141},"24":{"loc":{"start":{"line":143,"column":2},"end":{"line":145,"column":3}},"type":"if","locations":[{"start":{"line":143,"column":2},"end":{"line":145,"column":3}},{"start":{},"end":{}}],"line":143},"25":{"loc":{"start":{"line":143,"column":6},"end":{"line":143,"column":32}},"type":"binary-expr","locations":[{"start":{"line":143,"column":6},"end":{"line":143,"column":15}},{"start":{"line":143,"column":19},"end":{"line":143,"column":32}}],"line":143}},"s":{"0":12,"1":12,"2":12,"3":12,"4":12,"5":12,"6":6,"7":6,"8":6,"9":0,"10":6,"11":6,"12":6,"13":6,"14":2,"15":4,"16":0,"17":0,"18":0,"19":0,"20":12,"21":3,"22":3,"23":3,"24":0,"25":3,"26":3,"27":0,"28":3,"29":2,"30":2,"31":2,"32":2,"33":2,"34":2,"35":2,"36":2,"37":2,"38":2,"39":2,"40":12,"41":3,"42":3,"43":3,"44":3,"45":3,"46":3,"47":0,"48":3,"49":2,"50":2,"51":2,"52":2,"53":12,"54":3,"55":3,"56":3,"57":0,"58":3,"59":3,"60":3,"61":3,"62":3,"63":1,"64":3,"65":3,"66":1,"67":2,"68":2,"69":2,"70":2,"71":12},"f":{"0":6,"1":6,"2":3,"3":3,"4":3},"b":{"0":[6,0],"1":[0,6],"2":[6,6],"3":[6,6],"4":[6,6],"5":[2,4],"6":[6,5],"7":[0,0],"8":[0,0],"9":[0,3],"10":[3,3],"11":[0,3],"12":[2,0],"13":[2,2],"14":[2,0],"15":[3,1],"16":[3,1],"17":[0,3],"18":[0,3],"19":[3,0],"20":[3,3],"21":[1,2],"22":[3,3,3],"23":[3,3],"24":[1,2],"25":[3,2]},"_coverageSchema":"1a1c01bbd47fc00a2c39e90264f33305004495a9","hash":"231d8ec513a8eeb38bd55067ae830df65ba66b00"}
,"C:\\Users\\chira\\OneDrive\\Desktop\\cloud project\\photo-gallery\\backend\\controllers\\imageController.js": {"path":"C:\\Users\\chira\\OneDrive\\Desktop\\cloud project\\photo-gallery\\backend\\controllers\\imageController.js","statementMap":{"0":{"start":{"line":2,"column":19},"end":{"line":2,"column":56}},"1":{"start":{"line":3,"column":20},"end":{"line":3,"column":42}},"2":{"start":{"line":4,"column":17},"end":{"line":4,"column":36}},"3":{"start":{"line":5,"column":14},"end":{"line":5,"column":40}},"4":{"start":{"line":6,"column":14},"end":{"line":6,"column":40}},"5":{"start":{"line":7,"column":20},"end":{"line":7,"column":51}},"6":{"start":{"line":8,"column":32},"end":{"line":8,"column":69}},"7":{"start":{"line":9,"column":15},"end":{"line":9,"column":42}},"8":{"start":{"line":10,"column":15},"end":{"line":10,"column":32}},"9":{"start":{"line":20,"column":20},"end":{"line":111,"column":2}},"10":{"start":{"line":21,"column":2},"end":{"line":23,"column":3}},"11":{"start":{"line":22,"column":4},"end":{"line":22,"column":73}},"12":{"start":{"line":26,"column":19},"end":{"line":26,"column":84}},"13":{"start":{"line":29,"column":24},"end":{"line":32,"column":4}},"14":{"start":{"line":34,"column":2},"end":{"line":39,"column":3}},"15":{"start":{"line":35,"column":4},"end":{"line":38,"column":7}},"16":{"start":{"line":42,"column":29},"end":{"line":55,"column":3}},"17":{"start":{"line":43,"column":4},"end":{"line":54,"column":7}},"18":{"start":{"line":44,"column":21},"end":{"line":52,"column":7}},"19":{"start":{"line":49,"column":10},"end":{"line":49,"column":42}},"20":{"start":{"line":49,"column":21},"end":{"line":49,"column":42}},"21":{"start":{"line":50,"column":10},"end":{"line":50,"column":26}},"22":{"start":{"line":53,"column":6},"end":{"line":53,"column":60}},"23":{"start":{"line":57,"column":17},"end":{"line":57,"column":58}},"24":{"start":{"line":58,"column":2},"end":{"line":58,"column":60}},"25":{"start":{"line":61,"column":19},"end":{"line":61,"column":21}},"26":{"start":{"line":62,"column":2},"end":{"line":77,"column":3}},"27":{"start":{"line":63,"column":4},"end":{"line":76,"column":5}},"28":{"start":{"line":64,"column":6},"end":{"line":64,"column":33}},"29":{"start":{"line":65,"column":11},"end":{"line":76,"column":5}},"30":{"start":{"line":66,"column":6},"end":{"line":75,"column":7}},"31":{"start":{"line":67,"column":23},"end":{"line":67,"column":48}},"32":{"start":{"line":68,"column":8},"end":{"line":72,"column":9}},"33":{"start":{"line":69,"column":10},"end":{"line":69,"column":30}},"34":{"start":{"line":71,"column":10},"end":{"line":71,"column":83}},"35":{"start":{"line":71,"column":57},"end":{"line":71,"column":65}},"36":{"start":{"line":74,"column":8},"end":{"line":74,"column":81}},"37":{"start":{"line":74,"column":55},"end":{"line":74,"column":63}},"38":{"start":{"line":80,"column":16},"end":{"line":80,"column":25}},"39":{"start":{"line":81,"column":2},"end":{"line":83,"column":3}},"40":{"start":{"line":82,"column":4},"end":{"line":82,"column":29}},"41":{"start":{"line":86,"column":16},"end":{"line":97,"column":4}},"42":{"start":{"line":99,"column":21},"end":{"line":99,"column":39}},"43":{"start":{"line":100,"column":2},"end":{"line":100,"column":65}},"44":{"start":{"line":102,"column":2},"end":{"line":108,"column":3}},"45":{"start":{"line":103,"column":4},"end":{"line":103,"column":62}},"46":{"start":{"line":104,"column":15},"end":{"line":104,"column":32}},"47":{"start":{"line":105,"column":4},"end":{"line":107,"column":5}},"48":{"start":{"line":106,"column":6},"end":{"line":106,"column":67}},"49":{"start":{"line":110,"column":2},"end":{"line":110,"column":35}},"50":{"start":{"line":121,"column":18},"end":{"line":189,"column":2}},"51":{"start":{"line":122,"column":15},"end":{"line":122,"column":48}},"52":{"start":{"line":123,"column":16},"end":{"line":123,"column":51}},"53":{"start":{"line":124,"column":15},"end":{"line":124,"column":33}},"54":{"start":{"line":127,"column":17},"end":{"line":129,"column":3}},"55":{"start":{"line":132,"column":2},"end":{"line":139,"column":3}},"56":{"start":{"line":133,"column":21},"end":{"line":133,"column":83}},"57":{"start":{"line":133,"column":58},"end":{"line":133,"column":66}},"58":{"start":{"line":134,"column":4},"end":{"line":136,"column":5}},"59":{"start":{"line":135,"column":6},"end":{"line":135,"column":39}},"60":{"start":{"line":137,"column":9},"end":{"line":139,"column":3}},"61":{"start":{"line":138,"column":4},"end":{"line":138,"column":32}},"62":{"start":{"line":142,"column":2},"end":{"line":146,"column":3}},"63":{"start":{"line":143,"column":4},"end":{"line":145,"column":5}},"64":{"start":{"line":144,"column":6},"end":{"line":144,"column":37}},"65":{"start":{"line":149,"column":2},"end":{"line":157,"column":3}},"66":{"start":{"line":150,"column":4},"end":{"line":150,"column":26}},"67":{"start":{"line":151,"column":4},"end":{"line":153,"column":5}},"68":{"start":{"line":152,"column":6},"end":{"line":152,"column":59}},"69":{"start":{"line":154,"column":4},"end":{"line":156,"column":5}},"70":{"start":{"line":155,"column":6},"end":{"line":155,"column":57}},"71":{"start":{"line":160,"column":2},"end":{"line":165,"column":3}},"72":{"start":{"line":161,"column":4},"end":{"line":164,"column":6}},"73":{"start":{"line":168,"column":19},"end":{"line":168,"column":36}},"74":{"start":{"line":169,"column":2},"end":{"line":173,"column":3}},"75":{"start":{"line":170,"column":4},"end":{"line":170,"column":34}},"76":{"start":{"line":171,"column":9},"end":{"line":173,"column":3}},"77":{"start":{"line":172,"column":4},"end":{"line":172,"column":30}},"78":{"start":{"line":175,"column":22},"end":{"line":175,"column":56}},"79":{"start":{"line":176,"column":17},"end":{"line":179,"column":17}},"80":{"start":{"line":181,"column":21},"end":{"line":181,"column":51}},"81":{"start":{"line":183,"column":2},"end":{"line":188,"column":5}},"82":{"start":{"line":197,"column":20},"end":{"line":238,"column":2}},"83":{"start":{"line":198,"column":23},"end":{"line":198,"column":33}},"84":{"start":{"line":200,"column":19},"end":{"line":200,"column":52}},"85":{"start":{"line":201,"column":2},"end":{"line":203,"column":3}},"86":{"start":{"line":202,"column":4},"end":{"line":202,"column":48}},"87":{"start":{"line":206,"column":21},"end":{"line":206,"column":26}},"88":{"start":{"line":207,"column":2},"end":{"line":214,"column":3}},"89":{"start":{"line":208,"column":4},"end":{"line":208,"column":24}},"90":{"start":{"line":209,"column":9},"end":{"line":214,"column":3}},"91":{"start":{"line":210,"column":18},"end":{"line":210,"column":54}},"92":{"start":{"line":211,"column":4},"end":{"line":213,"column":5}},"93":{"start":{"line":212,"column":6},"end":{"line":212,"column":26}},"94":{"start":{"line":216,"column":2},"end":{"line":218,"column":3}},"95":{"start":{"line":217,"column":4},"end":{"line":217,"column":67}},"96":{"start":{"line":220,"column":2},"end":{"line":220,"column":28}},"97":{"start":{"line":221,"column":2},"end":{"line":221,"column":34}},"98":{"start":{"line":222,"column":2},"end":{"line":222,"column":24}},"99":{"start":{"line":225,"column":2},"end":{"line":234,"column":3}},"100":{"start":{"line":226,"column":4},"end":{"line":229,"column":7}},"101":{"start":{"line":230,"column":15},"end":{"line":230,"column":32}},"102":{"start":{"line":231,"column":4},"end":{"line":233,"column":5}},"103":{"start":{"line":232,"column":6},"end":{"line":232,"column":97}},"104":{"start":{"line":236,"column":2},"end":{"line":236,"column":53}},"105":{"start":{"line":237,"column":2},"end":{"line":237,"column":82}},"106":{"start":{"line":243,"column":37},"end":{"line":261,"column":1}},"107":{"start":{"line":245,"column":2},"end":{"line":251,"column":3}},"108":{"start":{"line":246,"column":29},"end":{"line":246,"column":72}},"109":{"start":{"line":247,"column":4},"end":{"line":247,"column":93}},"110":{"start":{"line":249,"column":4},"end":{"line":249,"column":88}},"111":{"start":{"line":250,"column":4},"end":{"line":250,"column":90}},"112":{"start":{"line":254,"column":2},"end":{"line":260,"column":3}},"113":{"start":{"line":255,"column":4},"end":{"line":255,"column":47}},"114":{"start":{"line":256,"column":4},"end":{"line":256,"column":86}},"115":{"start":{"line":258,"column":4},"end":{"line":258,"column":77}},"116":{"start":{"line":259,"column":4},"end":{"line":259,"column":88}},"117":{"start":{"line":267,"column":21},"end":{"line":284,"column":2}},"118":{"start":{"line":268,"column":19},"end":{"line":268,"column":54}},"119":{"start":{"line":269,"column":2},"end":{"line":271,"column":3}},"120":{"start":{"line":270,"column":4},"end":{"line":270,"column":48}},"121":{"start":{"line":274,"column":2},"end":{"line":276,"column":3}},"122":{"start":{"line":275,"column":4},"end":{"line":275,"column":68}},"123":{"start":{"line":278,"column":2},"end":{"line":278,"column":29}},"124":{"start":{"line":279,"column":2},"end":{"line":279,"column":28}},"125":{"start":{"line":280,"column":2},"end":{"line":280,"column":24}},"126":{"start":{"line":282,"column":2},"end":{"line":282,"column":57}},"127":{"start":{"line":283,"column":2},"end":{"line":283,"column":85}},"128":{"start":{"line":290,"column":29},"end":{"line":314,"column":2}},"129":{"start":{"line":291,"column":19},"end":{"line":291,"column":54}},"130":{"start":{"line":292,"column":2},"end":{"line":294,"column":3}},"131":{"start":{"line":293,"column":4},"end":{"line":293,"column":48}},"132":{"start":{"line":297,"column":21},"end":{"line":297,"column":26}},"133":{"start":{"line":298,"column":2},"end":{"line":305,"column":3}},"134":{"start":{"line":299,"column":4},"end":{"line":299,"column":24}},"135":{"start":{"line":300,"column":9},"end":{"line":305,"column":3}},"136":{"start":{"line":301,"column":18},"end":{"line":301,"column":54}},"137":{"start":{"line":302,"column":4},"end":{"line":304,"column":5}},"138":{"start":{"line":303,"column":6},"end":{"line":303,"column":26}},"139":{"start":{"line":307,"column":2},"end":{"line":309,"column":3}},"140":{"start":{"line":308,"column":4},"end":{"line":308,"column":79}},"141":{"start":{"line":311,"column":2},"end":{"line":311,"column":56}},"142":{"start":{"line":313,"column":2},"end":{"line":313,"column":98}},"143":{"start":{"line":322,"column":28},"end":{"line":350,"column":2}},"144":{"start":{"line":323,"column":17},"end":{"line":323,"column":27}},"145":{"start":{"line":324,"column":17},"end":{"line":324,"column":28}},"146":{"start":{"line":326,"column":2},"end":{"line":328,"column":3}},"147":{"start":{"line":327,"column":4},"end":{"line":327,"column":49}},"148":{"start":{"line":330,"column":16},"end":{"line":330,"column":40}},"149":{"start":{"line":331,"column":2},"end":{"line":333,"column":3}},"150":{"start":{"line":332,"column":4},"end":{"line":332,"column":48}},"151":{"start":{"line":335,"column":16},"end":{"line":335,"column":49}},"152":{"start":{"line":336,"column":2},"end":{"line":340,"column":3}},"153":{"start":{"line":337,"column":4},"end":{"line":337,"column":35}},"154":{"start":{"line":339,"column":4},"end":{"line":339,"column":39}},"155":{"start":{"line":342,"column":2},"end":{"line":342,"column":
[...]
,"C:\\Users\\chira\\OneDrive\\Desktop\\cloud project\\photo-gallery\\backend\\models\\Image.js": {"path":"C:\\Users\\chira\\OneDrive\\Desktop\\cloud project\\photo-gallery\\backend\\models\\Image.js","statementMap":{"0":{"start":{"line":2,"column":17},"end":{"line":2,"column":36}},"1":{"start":{"line":4,"column":20},"end":{"line":65,"column":2}},"2":{"start":{"line":63,"column":19},"end":{"line":63,"column":68}},"3":{"start":{"line":67,"column":0},"end":{"line":67,"column":37}},"4":{"start":{"line":68,"column":0},"end":{"line":68,"column":32}},"5":{"start":{"line":69,"column":0},"end":{"line":69,"column":31}},"6":{"start":{"line":70,"column":0},"end":{"line":70,"column":51}},"7":{"start":{"line":71,"column":0},"end":{"line":71,"column":71}},"8":{"start":{"line":73,"column":0},"end":{"line":73,"column":54}}},"fnMap":{"0":{"name":"(anonymous_0)","decl":{"start":{"line":63,"column":13},"end":{"line":63,"column":14}},"loc":{"start":{"line":63,"column":19},"end":{"line":63,"column":68}},"line":63}},"branchMap":{},"s":{"0":12,"1":12,"2":32,"3":12,"4":12,"5":12,"6":12,"7":12,"8":12},"f":{"0":32},"b":{},"_coverageSchema":"1a1c01bbd47fc00a2c39e90264f33305004495a9","hash":"a49cd5c73ccdba1fa784d37bb5fa8db7c71df56c"}
,"C:\\Users\\chira\\OneDrive\\Desktop\\cloud project\\photo-gallery\\backend\\models\\Session.js": {"path":"C:\\Users\\chira\\OneDrive\\Desktop\\cloud project\\photo-gallery\\backend\\models\\Session.js","statementMap":{"0":{"start":{"line":2,"column":17},"end":{"line":2,"column":36}},"1":{"start":{"line":4,"column":22},"end":{"line":29,"column":2}},"2":{"start":{"line":31,"column":0},"end":{"line":31,"column":58}}},"fnMap":{},"branchMap":{},"s":{"0":12,"1":12,"2":12},"f":{},"b":{},"_coverageSchema":"1a1c01bbd47fc00a2c39e90264f33305004495a9","hash":"bd73a947dd569cf15733df087cfa74e6b904a82c"}
,"C:\\Users\\chira\\OneDrive\\Desktop\\cloud project\\photo-gallery\\backend\\models\\ShareLink.js": {"path":"C:\\Users\\chira\\OneDrive\\Desktop\\cloud project\\photo-gallery\\backend\\models\\ShareLink.js","statementMap":{"0":{"start":{"line":2,"column":17},"end":{"line":2,"column":36}},"1":{"start":{"line":4,"column":24},"end":{"line":41,"column":2}},"2":{"start":{"line":44,"column":0},"end":{"line":44,"column":40}},"3":{"start":{"line":46,"column":18},"end":{"line":46,"column":62}},"4":{"start":{"line":48,"column":0},"end":{"line":48,"column":27}}},"fnMap":{},"branchMap":{},"s":{"0":12,"1":12,"2":12,"3":12,"4":12},"f":{},"b":{},"_coverageSchema":"1a1c01bbd47fc00a2c39e90264f33305004495a9","hash":"f590b5090f0ba067c6f3789abaff4187ef7f522d"}
,"C:\\Users\\chira\\OneDrive\\Desktop\\cloud project\\photo-gallery\\backend\\models\\User.js": {"path":"C:\\Users\\chira\\OneDrive\\Desktop\\cloud project\\photo-gallery\\backend\\models\\User.js","statementMap":{"0":{"start":{"line":2,"column":17},"end":{"line":2,"column":36}},"1":{"start":{"line":4,"column":19},"end":{"line":25,"column":2}},"2":{"start":{"line":27,"column":0},"end":{"line":27,"column":52}}},"fnMap":{},"branchMap":{},"s":{"0":12,"1":12,"2":12},"f":{},"b":{},"_coverageSchema":"1a1c01bbd47fc00a2c39e90264f33305004495a9","hash":"9ca3848b968d10bf0a3fbd1a2e0c1139bc04df55"}
,"C:\\Users\\chira\\OneDrive\\Desktop\\cloud project\\photo-gallery\\backend\\routes\\albumRoutes.js": {"path":"C:\\Users\\chira\\OneDrive\\Desktop\\cloud project\\photo-gallery\\backend\\routes\\albumRoutes.js","statementMap":{"0":{"start":{"line":2,"column":16},"end":{"line":2,"column":34}},"1":{"start":{"line":3,"column":15},"end":{"line":3,"column":31}},"2":{"start":{"line":4,"column":20},"end":{"line":4,"column":59}},"3":{"start":{"line":16,"column":4},"end":{"line":16,"column":45}},"4":{"start":{"line":17,"column":29},"end":{"line":17,"column":65}},"5":{"start":{"line":49,"column":0},"end":{"line":49,"column":39}},"6":{"start":{"line":71,"column":0},"end":{"line":71,"column":36}},"7":{"start":{"line":96,"column":0},"end":{"line":96,"column":76}},"8":{"start":{"line":121,"column":0},"end":{"line":121,"column":44}},"9":{"start":{"line":146,"column":0},"end":{"line":146,"column":51}},"10":{"start":{"line":171,"column":0},"end":{"line":171,"column":63}},"11":{"start":{"line":213,"column":0},"end":{"line":213,"column":60}},"12":{"start":{"line":243,"column":0},"end":{"line":243,"column":73}},"13":{"start":{"line":287,"column":0},"end":{"line":287,"column":76}},"14":{"start":{"line":320,"column":0},"end":{"line":320,"column":89}},"15":{"start":{"line":322,"column":0},"end":{"line":322,"column":24}}},"fnMap":{},"branchMap":{},"s":{"0":12,"1":12,"2":12,"3":12,"4":12,"5":12,"6":12,"7":12,"8":12,"9":12,"10":12,"11":12,"12":12,"13":12,"14":12,"15":12},"f":{},"b":{},"_coverageSchema":"1a1c01bbd47fc00a2c39e90264f33305004495a9","hash":"f5d7c66cf78af08da3580f00036cb788ef15c2b6"}
,"C:\\Users\\chira\\OneDrive\\Desktop\\cloud project\\photo-gallery\\backend\\routes\\authRoutes.js": {"path":"C:\\Users\\chira\\OneDrive\\Desktop\\cloud project\\photo-gallery\\backend\\routes\\authRoutes.js","statementMap":{"0":{"start":{"line":2,"column":16},"end":{"line":2,"column":34}},"1":{"start":{"line":3,"column":15},"end":{"line":3,"column":31}},"2":{"start":{"line":4,"column":18},"end":{"line":4,"column":47}},"3":{"start":{"line":12,"column":4},"end":{"line":12,"column":44}},"4":{"start":{"line":13,"column":48},"end":{"line":13,"column":83}},"5":{"start":{"line":14,"column":20},"end":{"line":14,"column":59}},"6":{"start":{"line":17,"column":20},"end":{"line":23,"column":2}},"7":{"start":{"line":53,"column":0},"end":{"line":53,"column":68}},"8":{"start":{"line":82,"column":0},"end":{"line":82,"column":59}},"9":{"start":{"line":108,"column":0},"end":{"line":108,"column":46}},"10":{"start":{"line":138,"column":0},"end":{"line":138,"column":40}},"11":{"start":{"line":153,"column":0},"end":{"line":153,"column":46}},"12":{"start":{"line":178,"column":0},"end":{"line":178,"column":55}},"13":{"start":{"line":180,"column":0},"end":{"line":180,"column":24}}},"fnMap":{},"branchMap":{"0":{"loc":{"start":{"line":19,"column":7},"end":{"line":19,"column":50}},"type":"cond-expr","locations":[{"start":{"line":19,"column":41},"end":{"line":19,"column":45}},{"start":{"line":19,"column":48},"end":{"line":19,"column":50}}],"line":19}},"s":{"0":12,"1":12,"2":12,"3":12,"4":12,"5":12,"6":12,"7":12,"8":12,"9":12,"10":12,"11":12,"12":12,"13":12},"f":{},"b":{"0":[12,0]},"_coverageSchema":"1a1c01bbd47fc00a2c39e90264f33305004495a9","hash":"46f472795dd09af165a5c660cbbd41ae46489b39"}
,"C:\\Users\\chira\\OneDrive\\Desktop\\cloud project\\photo-gallery\\backend\\routes\\imageRoutes.js": {"path":"C:\\Users\\chira\\OneDrive\\Desktop\\cloud project\\photo-gallery\\backend\\routes\\imageRoutes.js","statementMap":{"0":{"start":{"line":2,"column":16},"end":{"line":2,"column":34}},"1":{"start":{"line":3,"column":15},"end":{"line":3,"column":31}},"2":{"start":{"line":5,"column":15},"end":{"line":5,"column":46}},"3":{"start":{"line":6,"column":20},"end":{"line":6,"column":59}},"4":{"start":{"line":14,"column":4},"end":{"line":14,"column":45}},"5":{"start":{"line":15,"column":26},"end":{"line":15,"column":67}},"6":{"start":{"line":16,"column":29},"end":{"line":16,"column":64}},"7":{"start":{"line":17,"column":29},"end":{"line":17,"column":65}},"8":{"start":{"line":22,"column":4},"end":{"line":22,"column":47}},"9":{"start":{"line":61,"column":0},"end":{"line":70,"column":2}},"10":{"start":{"line":68,"column":4},"end":{"line":68,"column":32}},"11":{"start":{"line":126,"column":0},"end":{"line":137,"column":3}},"12":{"start":{"line":127,"column":2},"end":{"line":135,"column":3}},"13":{"start":{"line":128,"column":4},"end":{"line":134,"column":7}},"14":{"start":{"line":129,"column":6},"end":{"line":129,"column":32}},"15":{"start":{"line":129,"column":15},"end":{"line":129,"column":32}},"16":{"start":{"line":130,"column":6},"end":{"line":133,"column":9}},"17":{"start":{"line":131,"column":8},"end":{"line":131,"column":36}},"18":{"start":{"line":131,"column":18},"end":{"line":131,"column":36}},"19":{"start":{"line":132,"column":8},"end":{"line":132,"column":34}},"20":{"start":{"line":136,"column":2},"end":{"line":136,"column":35}},"21":{"start":{"line":152,"column":0},"end":{"line":152,"column":45}},"22":{"start":{"line":177,"column":0},"end":{"line":177,"column":69}},"23":{"start":{"line":202,"column":0},"end":{"line":202,"column":59}},"24":{"start":{"line":227,"column":0},"end":{"line":227,"column":57}},"25":{"start":{"line":250,"column":0},"end":{"line":250,"column":65}},"26":{"start":{"line":288,"column":0},"end":{"line":288,"column":56}},"27":{"start":{"line":321,"column":0},"end":{"line":321,"column":56}},"28":{"start":{"line":346,"column":0},"end":{"line":346,"column":55}},"29":{"start":{"line":348,"column":0},"end":{"line":348,"column":24}}},"fnMap":{"0":{"name":"(anonymous_0)","decl":{"start":{"line":67,"column":2},"end":{"line":67,"column":3}},"loc":{"start":{"line":67,"column":22},"end":{"line":69,"column":3}},"line":67},"1":{"name":"(anonymous_1)","decl":{"start":{"line":126,"column":22},"end":{"line":126,"column":23}},"loc":{"start":{"line":126,"column":42},"end":{"line":137,"column":1}},"line":126},"2":{"name":"(anonymous_2)","decl":{"start":{"line":128,"column":29},"end":{"line":128,"column":30}},"loc":{"start":{"line":128,"column":38},"end":{"line":134,"column":5}},"line":128},"3":{"name":"(anonymous_3)","decl":{"start":{"line":130,"column":52},"end":{"line":130,"column":53}},"loc":{"start":{"line":130,"column":62},"end":{"line":133,"column":7}},"line":130}},"branchMap":{"0":{"loc":{"start":{"line":127,"column":2},"end":{"line":135,"column":3}},"type":"if","locations":[{"start":{"line":127,"column":2},"end":{"line":135,"column":3}},{"start":{},"end":{}}],"line":127},"1":{"loc":{"start":{"line":129,"column":6},"end":{"line":129,"column":32}},"type":"if","locations":[{"start":{"line":129,"column":6},"end":{"line":129,"column":32}},{"start":{},"end":{}}],"line":129},"2":{"loc":{"start":{"line":131,"column":8},"end":{"line":131,"column":36}},"type":"if","locations":[{"start":{"line":131,"column":8},"end":{"line":131,"column":36}},{"start":{},"end":{}}],"line":131}},"s":{"0":12,"1":12,"2":12,"3":12,"4":12,"5":12,"6":12,"7":12,"8":12,"9":12,"10":7,"11":12,"12":10,"13":1,"14":1,"15":0,"16":1,"17":1,"18":0,"19":1,"20":9,"21":12,"22":12,"23":12,"24":12,"25":12,"26":12,"27":12,"28":12,"29":12},"f":{"0":7,"1":10,"2":1,"3":1},"b":{"0":[1,9],"1":[0,1],"2":[0,1]},"_coverageSchema":"1a1c01bbd47fc00a2c39e90264f33305004495a9","hash":"dc049434c003e48dfc27ff46bfe4573cf0170732"}
,"C:\\Users\\chira\\OneDrive\\Desktop\\cloud project\\photo-gallery\\backend\\routes\\shareRoutes.js": {"path":"C:\\Users\\chira\\OneDrive\\Desktop\\cloud project\\photo-gallery\\backend\\routes\\shareRoutes.js","statementMap":{"0":{"start":{"line":2,"column":16},"end":{"line":2,"column":34}},"1":{"start":{"line":3,"column":15},"end":{"line":3,"column":31}},"2":{"start":{"line":4,"column":20},"end":{"line":4,"column":59}},"3":{"start":{"line":9,"column":4},"end":{"line":9,"column":45}},"4":{"start":{"line":10,"column":18},"end":{"line":10,"column":47}},"5":{"start":{"line":13,"column":21},"end":{"line":19,"column":2}},"6":{"start":{"line":57,"column":0},"end":{"line":57,"column":43}},"7":{"start":{"line":83,"column":0},"end":{"line":83,"column":54}},"8":{"start":{"line":108,"column":0},"end":{"line":108,"column":51}},"9":{"start":{"line":110,"column":0},"end":{"line":110,"column":24}}},"fnMap":{},"branchMap":{},"s":{"0":12,"1":12,"2":12,"3":12,"4":12,"5":12,"6":12,"7":12,"8":12,"9":12},"f":{},"b":{},"_coverageSchema":"1a1c01bbd47fc00a2c39e90264f33305004495a9","hash":"821aea9fcb53fd20333eb20407785051e5faa707"}
,"C:\\Users\\chira\\OneDrive\\Desktop\\cloud project\\photo-gallery\\backend\\utils\\checkAlbumAccess.js": {"path":"C:\\Users\\chira\\OneDrive\\Desktop\\cloud project\\photo-gallery\\backend\\utils\\checkAlbumAccess.js","statementMap":{"0":{"start":{"line":2,"column":14},"end":{"line":2,"column":40}},"1":{"start":{"line":14,"column":25},"end":{"line":57,"column":1}},"2":{"start":{"line":15,"column":2},"end":{"line":19,"column":3}},"3":{"start":{"line":16,"column":16},"end":{"line":16,"column":50}},"4":{"start":{"line":17,"column":4},"end":{"line":17,"column":21}},"5":{"start":{"line":18,"column":4},"end":{"line":18,"column":14}},"6":{"start":{"line":21,"column":16},"end":{"line":21,"column":79}},"7":{"start":{"line":22,"column":2},"end":{"line":26,"column":3}},"8":{"start":{"line":23,"column":16},"end":{"line":23,"column":45}},"9":{"start":{"line":24,"column":4},"end":{"line":24,"column":21}},"10":{"start":{"line":25,"column":4},"end":{"line":25,"column":14}},"11":{"start":{"line":28,"column":20},"end":{"line":28,"column":51}},"12":{"start":{"line":31,"column":2},"end":{"line":33,"column":3}},"13":{"start":{"line":32,"column":4},"end":{"line":32,"column":36}},"14":{"start":{"line":36,"column":23},"end":{"line":38,"column":3}},"15":{"start":{"line":37,"column":11},"end":{"line":37,"column":52}},"16":{"start":{"line":40,"column":2},"end":{"line":44,"column":3}},"17":{"start":{"line":41,"column":16},"end":{"line":41,"column":66}},"18":{"start":{"line":42,"column":4},"end":{"line":42,"column":21}},"19":{"start":{"line":43,"column":4},"end":{"line":43,"column":14}},"20":{"start":{"line":46,"column":16},"end":{"line":46,"column":41}},"21":{"start":{"line":47,"column":23},"end":{"line":47,"column":45}},"22":{"start":{"line":48,"column":24},"end":{"line":48,"column":56}},"23":{"start":{"line":50,"column":2},"end":{"line":54,"column":3}},"24":{"start":{"line":51,"column":16},"end":{"line":51,"column":106}},"25":{"start":{"line":52,"column":4},"end":{"line":52,"column":21}},"26":{"start":{"line":53,"column":4},"end":{"line":53,"column":14}},"27":{"start":{"line":56,"column":2},"end":{"line":56,"column":44}},"28":{"start":{"line":59,"column":0},"end":{"line":59,"column":34}}},"fnMap":{"0":{"name":"(anonymous_0)","decl":{"start":{"line":14,"column":25},"end":{"line":14,"column":26}},"loc":{"start":{"line":14,"column":72},"end":{"line":57,"column":1}},"line":14},"1":{"name":"(anonymous_1)","decl":{"start":{"line":37,"column":4},"end":{"line":37,"column":5}},"loc":{"start":{"line":37,"column":11},"end":{"line":37,"column":52}},"line":37}},"branchMap":{"0":{"loc":{"start":{"line":14,"column":49},"end":{"line":14,"column":67}},"type":"default-arg","locations":[{"start":{"line":14,"column":59},"end":{"line":14,"column":67}}],"line":14},"1":{"loc":{"start":{"line":15,"column":2},"end":{"line":19,"column":3}},"type":"if","locations":[{"start":{"line":15,"column":2},"end":{"line":19,"column":3}},{"start":{},"end":{}}],"line":15},"2":{"loc":{"start":{"line":22,"column":2},"end":{"line":26,"column":3}},"type":"if","locations":[{"start":{"line":22,"column":2},"end":{"line":26,"column":3}},{"start":{},"end":{}}],"line":22},"3":{"loc":{"start":{"line":28,"column":20},"end":{"line":28,"column":51}},"type":"cond-expr","locations":[{"start":{"line":28,"column":29},"end":{"line":28,"column":46}},{"start":{"line":28,"column":49},"end":{"line":28,"column":51}}],"line":28},"4":{"loc":{"start":{"line":31,"column":2},"end":{"line":33,"column":3}},"type":"if","locations":[{"start":{"line":31,"column":2},"end":{"line":33,"column":3}},{"start":{},"end":{}}],"line":31},"5":{"loc":{"start":{"line":31,"column":6},"end":{"line":31,"column":65}},"type":"binary-expr","locations":[{"start":{"line":31,"column":6},"end":{"line":31,"column":21}},{"start":{"line":31,"column":25},"end":{"line":31,"column":65}}],"line":31},"6":{"loc":{"start":{"line":37,"column":11},"end":{"line":37,"column":52}},"type":"binary-expr","locations":[{"start":{"line":37,"column":11},"end":{"line":37,"column":17}},{"start":{"line":37,"column":21},"end":{"line":37,"column":52}}],"line":37},"7":{"loc":{"start":{"line":40,"column":2},"end":{"line":44,"column":3}},"type":"if","locations":[{"start":{"line":40,"column":2},"end":{"line":44,"column":3}},{"start":{},"end":{}}],"line":40},"8":{"loc":{"start":{"line":50,"column":2},"end":{"line":54,"column":3}},"type":"if","locations":[{"start":{"line":50,"column":2},"end":{"line":54,"column":3}},{"start":{},"end":{}}],"line":50}},"s":{"0":12,"1":12,"2":12,"3":0,"4":0,"5":0,"6":12,"7":12,"8":0,"9":0,"10":0,"11":12,"12":12,"13":2,"14":10,"15":10,"16":10,"17":4,"18":4,"19":4,"20":6,"21":6,"22":6,"23":6,"24":1,"25":1,"26":1,"27":5,"28":12},"f":{"0":12,"1":10},"b":{"0":[0],"1":[0,12],"2":[0,12],"3":[12,0],"4":[2,10],"5":[12,12],"6":[10,10],"7":[4,6],"8":[1,5]},"_coverageSchema":"1a1c01bbd47fc00a2c39e90264f33305004495a9","hash":"5f0e2f954206b75f15e9ea1dc8a8abaf4d3a17da"}
,"C:\\Users\\chira\\OneDrive\\Desktop\\cloud project\\photo-gallery\\backend\\utils\\logActivity.js": {"path":"C:\\Users\\chira\\OneDrive\\Desktop\\cloud project\\photo-gallery\\backend\\utils\\logActivity.js","statementMap":{"0":{"start":{"line":2,"column":17},"end":{"line":2,"column":46}},"1":{"start":{"line":14,"column":20},"end":{"line":26,"column":1}},"2":{"start":{"line":15,"column":2},"end":{"line":15,"column":44}},"3":{"start":{"line":15,"column":37},"end":{"line":15,"column":44}},"4":{"start":{"line":17,"column":2},"end":{"line":25,"column":5}},"5":{"start":{"line":23,"column":19},"end":{"line":23,"column":46}},"6":{"start":{"line":24,"column":4},"end":{"line":24,"column":94}},"7":{"start":{"line":28,"column":0},"end":{"line":28,"column":29}}},"fnMap":{"0":{"name":"(anonymous_0)","decl":{"start":{"line":14,"column":20},"end":{"line":14,"column":21}},"loc":{"start":{"line":14,"column":63},"end":{"line":26,"column":1}},"line":14},"1":{"name":"(anonymous_1)","decl":{"start":{"line":22,"column":11},"end":{"line":22,"column":12}},"loc":{"start":{"line":22,"column":20},"end":{"line":25,"column":3}},"line":22}},"branchMap":{"0":{"loc":{"start":{"line":14,"column":45},"end":{"line":14,"column":58}},"type":"default-arg","locations":[{"start":{"line":14,"column":56},"end":{"line":14,"column":58}}],"line":14},"1":{"loc":{"start":{"line":15,"column":2},"end":{"line":15,"column":44}},"type":"if","locations":[{"start":{"line":15,"column":2},"end":{"line":15,"column":44}},{"start":{},"end":{}}],"line":15},"2":{"loc":{"start":{"line":15,"column":6},"end":{"line":15,"column":35}},"type":"binary-expr","locations":[{"start":{"line":15,"column":6},"end":{"line":15,"column":14}},{"start":{"line":15,"column":18},"end":{"line":15,"column":26}},{"start":{"line":15,"column":30},"end":{"line":15,"column":35}}],"line":15}},"s":{"0":12,"1":12,"2":10,"3":0,"4":10,"5":0,"6":0,"7":12},"f":{"0":10,"1":0},"b":{"0":[0],"1":[0,10],"2":[10,10,10]},"_coverageSchema":"1a1c01bbd47fc00a2c39e90264f33305004495a9","hash":"0d02e3b89de4aec1bdedea87ea2721a62ba10b17"}
,"C:\\Users\\chira\\OneDrive\\Desktop\\cloud project\\photo-gallery\\backend\\utils\\verifyToken.js": {"path":"C:\\Users\\chira\\OneDrive\\Desktop\\cloud project\\photo-gallery\\backend\\utils\\verifyToken.js","statementMap":{"0":{"start":{"line":2,"column":12},"end":{"line":2,"column":35}},"1":{"start":{"line":11,"column":20},"end":{"line":16,"column":1}},"2":{"start":{"line":12,"column":2},"end":{"line":14,"column":3}},"3":{"start":{"line":13,"column":4},"end":{"line":13,"column":42}},"4":{"start":{"line":15,"column":2},"end":{"line":15,"column":51}},"5":{"start":{"line":18,"column":0},"end":{"line":18,"column":29}}},"fnMap":{"0":{"name":"(anonymous_0)","decl":{"start":{"line":11,"column":20},"end":{"line":11,"column":21}},"loc":{"start":{"line":11,"column":31},"end":{"line":16,"column":1}},"line":11}},"branchMap":{"0":{"loc":{"start":{"line":12,"column":2},"end":{"line":14,"column":3}},"type":"if","locations":[{"start":{"line":12,"column":2},"end":{"line":14,"column":3}},{"start":{},"end":{}}],"line":12}},"s":{"0":13,"1":13,"2":60,"3":1,"4":59,"5":13},"f":{"0":60},"b":{"0":[1,59]},"_coverageSchema":"1a1c01bbd47fc00a2c39e90264f33305004495a9","hash":"413eaf67f0003bb5fd9c335114a4f61306c5d4c6"}
}
