TN:
SF:server.js
FN:39,(anonymous_0)
FN:49,(anonymous_1)
FN:51,(anonymous_2)
FN:72,(anonymous_3)
FN:76,(anonymous_4)
FN:108,(anonymous_5)
FN:113,(anonymous_6)
FN:142,(anonymous_7)
FN:168,(anonymous_8)
FN:186,(anonymous_9)
FN:197,(anonymous_10)
FN:202,(anonymous_11)
FN:209,(anonymous_12)
FNF:13
FNH:8
FNDA:103,(anonymous_0)
FNDA:0,(anonymous_1)
FNDA:103,(anonymous_2)
FNDA:0,(anonymous_3)
FNDA:103,(anonymous_4)
FNDA:3,(anonymous_5)
FNDA:2,(anonymous_6)
FNDA:0,(anonymous_7)
FNDA:4,(anonymous_8)
FNDA:2,(anonymous_9)
FNDA:0,(anonymous_10)
FNDA:3,(anonymous_11)
FNDA:0,(anonymous_12)
DA:2,12
DA:4,12
DA:5,12
DA:6,12
DA:7,12
DA:8,12
DA:9,12
DA:11,12
DA:12,12
DA:13,12
DA:14,12
DA:15,12
DA:16,12
DA:17,12
DA:18,12
DA:21,12
DA:23,12
DA:24,12
DA:29,12
DA:32,12
DA:35,12
DA:36,12
DA:37,12
DA:39,12
DA:40,103
DA:41,103
DA:42,103
DA:43,103
DA:46,12
DA:49,0
DA:51,103
DA:61,12
DA:68,12
DA:71,12
DA:72,0
DA:75,12
DA:78,103
DA:79,103
DA:81,0
DA:88,12
DA:91,12
DA:92,12
DA:93,12
DA:98,12
DA:99,12
DA:100,12
DA:105,12
DA:108,12
DA:109,3
DA:113,12
DA:114,2
DA:115,2
DA:117,2
DA:118,2
DA:119,2
DA:120,2
DA:121,2
DA:122,0
DA:123,0
DA:124,0
DA:128,0
DA:129,0
DA:132,2
DA:133,2
DA:134,2
DA:142,12
DA:143,0
DA:147,12
DA:150,12
DA:151,12
DA:153,12
DA:154,12
DA:161,12
DA:162,12
DA:165,12
DA:166,12
DA:168,12
DA:169,4
DA:170,4
DA:171,1
DA:172,1
DA:173,1
DA:176,3
DA:177,3
DA:178,3
DA:179,3
DA:181,0
DA:182,0
DA:183,0
DA:186,3
DA:187,2
DA:188,2
DA:189,1
DA:190,1
DA:192,1
DA:193,1
DA:197,3
DA:198,0
DA:199,0
DA:202,3
DA:203,3
DA:208,12
DA:209,0
DA:210,0
DA:212,0
DA:216,12
LF:106
LH:89
BRDA:24,0,0,12
BRDA:24,0,1,0
BRDA:40,1,0,103
BRDA:40,1,1,102
BRDA:63,2,0,12
BRDA:63,2,1,0
BRDA:71,3,0,0
BRDA:71,3,1,12
BRDA:78,4,0,103
BRDA:78,4,1,0
BRDA:78,5,0,103
BRDA:78,5,1,0
BRDA:78,5,2,0
BRDA:118,6,0,2
BRDA:118,6,1,0
BRDA:118,7,0,2
BRDA:118,7,1,2
BRDA:119,8,0,2
BRDA:119,8,1,0
BRDA:122,9,0,0
BRDA:122,9,1,0
BRDA:132,10,0,2
BRDA:132,10,1,1
BRDA:133,11,0,1
BRDA:133,11,1,1
BRDA:135,12,0,1
BRDA:135,12,1,1
BRDA:170,13,0,1
BRDA:170,13,1,3
BRDA:193,14,0,1
BRDA:193,14,1,0
BRDA:203,15,0,3
BRDA:203,15,1,0
BRDA:208,16,0,0
BRDA:208,16,1,12
BRF:35
BRH:22
end_of_record
TN:
SF:config\cloudinaryConfig.js
FNF:0
FNH:0
DA:7,12
DA:9,12
DA:15,12
LF:3
LH:3
BRF:0
BRH:0
end_of_record
TN:
SF:config\logger.js
FNF:0
FNH:0
DA:1,13
DA:4,13
DA:10,13
LF:3
LH:3
BRDA:5,0,0,13
BRDA:5,0,1,13
BRF:2
BRH:2
end_of_record
TN:
SF:config\swagger.js
FNF:0
FNH:0
DA:1,12
DA:3,12
DA:27,12
DA:32,12
DA:34,12
LF:5
LH:5
BRF:0
BRH:0
end_of_record
TN:
SF:controllers\albumController.js
FN:13,(anonymous_0)
FN:37,(anonymous_1)
FN:58,(anonymous_2)
FN:84,(anonymous_3)
FN:116,(anonymous_4)
FN:141,(anonymous_5)
FN:165,(anonymous_6)
FN:191,(anonymous_7)
FN:224,(anonymous_8)
FN:261,(anonymous_9)
FN:279,(anonymous_10)
FN:310,(anonymous_11)
FN:329,(anonymous_12)
FN:359,(anonymous_13)
FNF:14
FNH:9
FNDA:0,(anonymous_0)
FNDA:2,(anonymous_1)
FNDA:1,(anonymous_2)
FNDA:0,(anonymous_3)
FNDA:2,(anonymous_4)
FNDA:0,(anonymous_5)
FNDA:0,(anonymous_6)
FNDA:3,(anonymous_7)
FNDA:0,(anonymous_8)
FNDA:2,(anonymous_9)
FNDA:2,(anonymous_10)
FNDA:1,(anonymous_11)
FNDA:1,(anonymous_12)
FNDA:1,(anonymous_13)
DA:2,12
DA:3,12
DA:4,12
DA:5,12
DA:6,12
DA:7,12
DA:13,12
DA:14,0
DA:16,0
DA:17,0
DA:20,0
DA:27,0
DA:28,0
DA:29,0
DA:30,0
DA:37,12
DA:38,2
DA:39,2
DA:41,2
DA:43,2
DA:44,1
DA:45,1
DA:46,1
DA:49,0
DA:55,2
DA:57,2
DA:59,1
DA:61,1
DA:62,1
DA:63,1
DA:64,1
DA:65,0
DA:69,1
DA:77,2
DA:84,12
DA:85,0
DA:86,0
DA:87,0
DA:91,0
DA:93,0
DA:94,0
DA:95,0
DA:96,0
DA:97,0
DA:98,0
DA:102,0
DA:103,0
DA:105,0
DA:116,12
DA:117,2
DA:118,2
DA:119,0
DA:123,2
DA:124,1
DA:128,1
DA:129,1
DA:130,1
DA:132,1
DA:133,1
DA:134,1
DA:141,12
DA:142,0
DA:143,0
DA:144,0
DA:148,0
DA:149,0
DA:152,0
DA:153,0
DA:154,0
DA:156,0
DA:157,0
DA:158,0
DA:165,12
DA:166,0
DA:167,0
DA:168,0
DA:172,0
DA:173,0
DA:177,0
DA:180,0
DA:182,0
DA:183,0
DA:184,0
DA:191,12
DA:192,3
DA:193,3
DA:194,0
DA:198,3
DA:199,1
DA:202,2
DA:203,2
DA:204,0
DA:207,2
DA:208,0
DA:212,2
DA:213,2
DA:214,0
DA:218,2
DA:219,0
DA:223,2
DA:224,0
DA:226,2
DA:227,0
DA:230,2
DA:231,2
DA:234,2
DA:241,2
DA:243,2
DA:244,2
DA:246,2
DA:247,2
DA:248,2
DA:251,2
DA:261,12
DA:262,2
DA:263,2
DA:264,0
DA:268,2
DA:269,0
DA:272,2
DA:275,2
DA:276,2
DA:278,2
DA:279,2
DA:282,2
DA:285,2
DA:290,2
DA:292,2
DA:293,2
DA:295,2
DA:296,2
DA:297,2
DA:300,2
DA:310,12
DA:311,1
DA:312,1
DA:313,0
DA:317,1
DA:318,0
DA:321,1
DA:322,1
DA:324,1
DA:325,0
DA:328,1
DA:329,1
DA:332,1
DA:333,0
DA:336,1
DA:337,1
DA:339,1
DA:341,1
DA:342,1
DA:344,1
DA:345,1
DA:346,1
DA:349,1
DA:359,12
DA:360,1
DA:361,1
DA:362,1
DA:363,1
DA:365,1
DA:366,1
DA:372,1
DA:380,12
LF:165
LH:107
BRDA:16,0,0,0
BRDA:16,0,1,0
BRDA:38,1,0,2
BRDA:38,1,1,0
BRDA:43,2,0,1
BRDA:43,2,1,1
BRDA:45,3,0,1
BRDA:45,3,1,0
BRDA:62,4,0,1
BRDA:62,4,1,0
BRDA:64,5,0,0
BRDA:64,5,1,1
BRDA:85,6,0,0
BRDA:85,6,1,0
BRDA:86,7,0,0
BRDA:86,7,1,0
BRDA:95,8,0,0
BRDA:95,8,1,0
BRDA:97,9,0,0
BRDA:97,9,1,0
BRDA:103,10,0,0
BRDA:103,10,1,0
BRDA:118,11,0,0
BRDA:118,11,1,2
BRDA:123,12,0,1
BRDA:123,12,1,1
BRDA:123,13,0,2
BRDA:123,13,1,2
BRDA:143,14,0,0
BRDA:143,14,1,0
BRDA:148,15,0,0
BRDA:148,15,1,0
BRDA:148,16,0,0
BRDA:148,16,1,0
BRDA:167,17,0,0
BRDA:167,17,1,0
BRDA:172,18,0,0
BRDA:172,18,1,0
BRDA:172,19,0,0
BRDA:172,19,1,0
BRDA:193,20,0,0
BRDA:193,20,1,3
BRDA:198,21,0,1
BRDA:198,21,1,2
BRDA:198,22,0,3
BRDA:198,22,1,3
BRDA:203,23,0,0
BRDA:203,23,1,2
BRDA:203,24,0,2
BRDA:203,24,1,2
BRDA:207,25,0,0
BRDA:207,25,1,2
BRDA:213,26,0,0
BRDA:213,26,1,2
BRDA:218,27,0,0
BRDA:218,27,1,2
BRDA:224,28,0,0
BRDA:224,28,1,0
BRDA:226,29,0,0
BRDA:226,29,1,2
BRDA:247,30,0,2
BRDA:247,30,1,0
BRDA:263,31,0,0
BRDA:263,31,1,2
BRDA:268,32,0,0
BRDA:268,32,1,2
BRDA:268,33,0,2
BRDA:268,33,1,2
BRDA:276,34,0,2
BRDA:276,34,1,0
BRDA:279,35,0,2
BRDA:279,35,1,2
BRDA:296,36,0,2
BRDA:296,36,1,0
BRDA:312,37,0,0
BRDA:312,37,1,1
BRDA:317,38,0,0
BRDA:317,38,1,1
BRDA:317,39,0,1
BRDA:317,39,1,1
BRDA:324,40,0,0
BRDA:324,40,1,1
BRDA:324,41,0,1
BRDA:324,41,1,1
BRDA:329,42,0,1
BRDA:329,42,1,1
BRDA:332,43,0,0
BRDA:332,43,1,1
BRDA:345,44,0,1
BRDA:345,44,1,0
BRDA:361,45,0,1
BRDA:361,45,1,1
BRDA:362,46,0,1
BRDA:362,46,1,1
BRF:94
BRH:47
end_of_record
TN:
SF:controllers\authController.js
FN:13,(anonymous_0)
FN:35,(anonymous_1)
FN:73,(anonymous_2)
FN:105,(anonymous_3)
FN:161,(anonymous_4)
FN:182,(anonymous_5)
FN:189,(anonymous_6)
FN:200,(anonymous_7)
FNF:8
FNH:8
FNDA:24,(anonymous_0)
FNDA:14,(anonymous_1)
FNDA:10,(anonymous_2)
FNDA:5,(anonymous_3)
FNDA:1,(anonymous_4)
FNDA:1,(anonymous_5)
FNDA:2,(anonymous_6)
FNDA:1,(anonymous_7)
DA:2,12
DA:3,12
DA:4,12
DA:5,12
DA:6,12
DA:7,12
DA:13,12
DA:14,24
DA:20,24
DA:21,24
DA:23,24
DA:29,24
DA:31,24
DA:35,12
DA:36,14
DA:39,14
DA:40,14
DA:41,1
DA:45,13
DA:46,13
DA:49,13
DA:55,13
DA:56,13
DA:58,13
DA:59,13
DA:61,13
DA:73,12
DA:74,10
DA:77,10
DA:78,10
DA:79,0
DA:83,10
DA:84,10
DA:85,1
DA:88,9
DA:90,9
DA:91,9
DA:93,9
DA:105,12
DA:106,5
DA:107,5
DA:108,0
DA:112,5
DA:117,5
DA:118,5
DA:119,14
DA:120,2
DA:121,2
DA:125,5
DA:127,2
DA:128,2
DA:131,2
DA:132,2
DA:133,0
DA:137,2
DA:138,2
DA:139,2
DA:141,2
DA:148,3
DA:149,3
DA:150,3
DA:151,3
DA:152,3
DA:153,3
DA:157,3
DA:161,12
DA:162,1
DA:163,1
DA:164,0
DA:167,1
DA:168,1
DA:169,2
DA:170,1
DA:171,1
DA:172,1
DA:173,1
DA:174,1
DA:178,0
DA:182,12
DA:183,1
DA:189,2
DA:196,1
DA:200,12
DA:201,1
DA:202,1
DA:203,0
DA:206,1
DA:207,1
DA:210,0
DA:211,0
DA:213,0
DA:216,12
LF:92
LH:83
BRDA:26,0,0,24
BRDA:26,0,1,24
BRDA:40,1,0,1
BRDA:40,1,1,13
BRDA:78,2,0,0
BRDA:78,2,1,10
BRDA:84,3,0,1
BRDA:84,3,1,9
BRDA:107,4,0,0
BRDA:107,4,1,5
BRDA:119,5,0,2
BRDA:119,5,1,12
BRDA:125,6,0,2
BRDA:125,6,1,3
BRDA:132,7,0,0
BRDA:132,7,1,2
BRDA:150,8,0,3
BRDA:150,8,1,0
BRDA:163,9,0,0
BRDA:163,9,1,1
BRDA:169,10,0,1
BRDA:169,10,1,1
BRDA:202,11,0,0
BRDA:202,11,1,1
BRDA:206,12,0,1
BRDA:206,12,1,0
BRF:26
BRH:19
end_of_record
TN:
SF:controllers\commentController.js
FN:13,(anonymous_0)
FN:22,(anonymous_1)
FN:42,(anonymous_2)
FN:87,(anonymous_3)
FN:122,(anonymous_4)
FNF:5
FNH:5
FNDA:6,(anonymous_0)
FNDA:6,(anonymous_1)
FNDA:3,(anonymous_2)
FNDA:3,(anonymous_3)
FNDA:3,(anonymous_4)
DA:2,12
DA:3,12
DA:4,12
DA:5,12
DA:6,12
DA:13,12
DA:14,6
DA:15,6
DA:16,6
DA:17,0
DA:20,6
DA:21,6
DA:22,6
DA:25,6
DA:26,2
DA:28,4
DA:30,0
DA:31,0
DA:32,0
DA:34,0
DA:42,12
DA:43,3
DA:44,3
DA:46,3
DA:47,0
DA:50,3
DA:51,3
DA:52,0
DA:55,3
DA:57,2
DA:63,2
DA:64,2
DA:67,2
DA:68,2
DA:72,2
DA:73,2
DA:74,2
DA:78,2
DA:79,2
DA:80,2
DA:87,12
DA:88,3
DA:89,3
DA:90,3
DA:91,3
DA:93,3
DA:94,3
DA:95,0
DA:98,3
DA:100,2
DA:101,2
DA:107,2
DA:109,2
DA:122,12
DA:123,3
DA:125,3
DA:126,3
DA:127,0
DA:131,3
DA:132,3
DA:134,3
DA:135,3
DA:136,3
DA:137,1
DA:141,3
DA:143,3
DA:144,1
DA:147,2
DA:149,2
DA:150,2
DA:151,2
DA:154,12
LF:72
LH:63
BRDA:14,0,0,6
BRDA:14,0,1,0
BRDA:16,1,0,0
BRDA:16,1,1,6
BRDA:20,2,0,6
BRDA:20,2,1,6
BRDA:21,3,0,6
BRDA:21,3,1,6
BRDA:22,4,0,6
BRDA:22,4,1,6
BRDA:25,5,0,2
BRDA:25,5,1,4
BRDA:25,6,0,6
BRDA:25,6,1,5
BRDA:30,7,0,0
BRDA:30,7,1,0
BRDA:31,8,0,0
BRDA:31,8,1,0
BRDA:46,9,0,0
BRDA:46,9,1,3
BRDA:46,10,0,3
BRDA:46,10,1,3
BRDA:51,11,0,0
BRDA:51,11,1,3
BRDA:67,12,0,2
BRDA:67,12,1,0
BRDA:67,13,0,2
BRDA:67,13,1,2
BRDA:73,14,0,2
BRDA:73,14,1,0
BRDA:89,15,0,3
BRDA:89,15,1,1
BRDA:90,16,0,3
BRDA:90,16,1,1
BRDA:94,17,0,0
BRDA:94,17,1,3
BRDA:126,18,0,0
BRDA:126,18,1,3
BRDA:134,19,0,3
BRDA:134,19,1,0
BRDA:134,20,0,3
BRDA:134,20,1,3
BRDA:136,21,0,1
BRDA:136,21,1,2
BRDA:136,22,0,3
BRDA:136,22,1,3
BRDA:136,22,2,3
BRDA:141,23,0,3
BRDA:141,23,1,3
BRDA:143,24,0,1
BRDA:143,24,1,2
BRDA:143,25,0,3
BRDA:143,25,1,2
BRF:53
BRH:40
end_of_record
TN:
SF:controllers\imageController.js
FN:20,(anonymous_0)
FN:42,(anonymous_1)
FN:43,(anonymous_2)
FN:48,(anonymous_3)
FN:71,(anonymous_4)
FN:74,(anonymous_5)
FN:121,(anonymous_6)
FN:133,(anonymous_7)
FN:197,(anonymous_8)
FN:243,(anonymous_9)
FN:267,(anonymous_10)
FN:290,(anonymous_11)
FN:322,(anonymous_12)
FNF:13
FNH:11
FNDA:7,(anonymous_0)
FNDA:6,(anonymous_1)
FNDA:6,(anonymous_2)
FNDA:6,(anonymous_3)
FNDA:0,(anonymous_4)
FNDA:2,(anonymous_5)
FNDA:10,(anonymous_6)
FNDA:5,(anonymous_7)
FNDA:7,(anonymous_8)
FNDA:2,(anonymous_9)
FNDA:2,(anonymous_10)
FNDA:2,(anonymous_11)
FNDA:0,(anonymous_12)
DA:2,12
DA:3,12
DA:4,12
DA:5,12
DA:6,12
DA:7,12
DA:8,12
DA:9,12
DA:10,12
DA:20,12
DA:21,7
DA:22,0
DA:26,7
DA:29,7
DA:34,7
DA:35,1
DA:42,6
DA:43,6
DA:44,6
DA:49,6
DA:50,6
DA:53,6
DA:57,6
DA:58,6
DA:61,6
DA:62,6
DA:63,1
DA:64,0
DA:65,1
DA:66,1
DA:67,1
DA:68,0
DA:69,0
DA:71,0
DA:74,2
DA:80,6
DA:81,6
DA:82,2
DA:86,6
DA:99,6
DA:100,6
DA:102,6
DA:103,2
DA:104,2
DA:105,2
DA:106,2
DA:110,6
DA:121,12
DA:122,10
DA:123,10
DA:124,10
DA:127,10
DA:132,10
DA:133,5
DA:134,3
DA:135,3
DA:137,7
DA:138,0
DA:142,10
DA:143,1
DA:144,1
DA:149,10
DA:150,1
DA:151,1
DA:152,1
DA:154,1
DA:155,1
DA:160,10
DA:161,0
DA:168,10
DA:169,10
DA:170,1
DA:171,9
DA:172,1
DA:175,10
DA:176,10
DA:181,10
DA:183,10
DA:197,12
DA:198,7
DA:200,7
DA:201,7
DA:202,0
DA:206,7
DA:207,7
DA:208,3
DA:209,4
DA:210,3
DA:211,3
DA:212,1
DA:216,7
DA:217,3
DA:220,4
DA:221,4
DA:222,4
DA:225,4
DA:226,2
DA:230,2
DA:231,2
DA:232,2
DA:236,4
DA:237,4
DA:243,12
DA:245,2
DA:246,2
DA:247,2
DA:249,0
DA:250,0
DA:254,2
DA:255,2
DA:256,2
DA:258,0
DA:259,0
DA:267,12
DA:268,2
DA:269,2
DA:270,0
DA:274,2
DA:275,1
DA:278,1
DA:279,1
DA:280,1
DA:282,1
DA:283,1
DA:290,12
DA:291,2
DA:292,2
DA:293,0
DA:297,2
DA:298,2
DA:299,1
DA:300,1
DA:301,0
DA:302,0
DA:303,0
DA:307,2
DA:308,1
DA:311,1
DA:313,1
DA:322,12
DA:323,0
DA:324,0
DA:326,0
DA:327,0
DA:330,0
DA:331,0
DA:332,0
DA:335,0
DA:336,0
DA:337,0
DA:339,0
DA:342,0
DA:343,0
DA:345,0
DA:352,12
LF:155
LH:124
BRDA:21,0,0,0
BRDA:21,0,1,7
BRDA:34,1,0,1
BRDA:34,1,1,6
BRDA:49,2,0,0
BRDA:49,2,1,6
BRDA:62,3,0,1
BRDA:62,3,1,5
BRDA:63,4,0,0
BRDA:63,4,1,1
BRDA:65,5,0,1
BRDA:65,5,1,0
BRDA:68,6,0,0
BRDA:68,6,1,0
BRDA:81,7,0,2
BRDA:81,7,1,4
BRDA:81,8,0,6
BRDA:81,8,1,2
BRDA:92,9,0,6
BRDA:92,9,1,3
BRDA:102,10,0,2
BRDA:102,10,1,4
BRDA:105,11,0,2
BRDA:105,11,1,0
BRDA:122,12,0,10
BRDA:122,12,1,9
BRDA:123,13,0,10
BRDA:123,13,1,9
BRDA:132,14,0,3
BRDA:132,14,1,7
BRDA:134,15,0,3
BRDA:134,15,1,0
BRDA:137,16,0,0
BRDA:137,16,1,7
BRDA:142,17,0,1
BRDA:142,17,1,9
BRDA:143,18,0,1
BRDA:143,18,1,0
BRDA:149,19,0,1
BRDA:149,19,1,9
BRDA:149,20,0,10
BRDA:149,20,1,9
BRDA:151,21,0,1
BRDA:151,21,1,0
BRDA:154,22,0,1
BRDA:154,22,1,0
BRDA:160,23,0,0
BRDA:160,23,1,10
BRDA:169,24,0,1
BRDA:169,24,1,9
BRDA:171,25,0,1
BRDA:171,25,1,8
BRDA:201,26,0,0
BRDA:201,26,1,7
BRDA:207,27,0,3
BRDA:207,27,1,4
BRDA:207,28,0,7
BRDA:207,28,1,7
BRDA:209,29,0,3
BRDA:209,29,1,1
BRDA:211,30,0,1
BRDA:211,30,1,2
BRDA:211,31,0,3
BRDA:211,31,1,3
BRDA:211,31,2,3
BRDA:216,32,0,3
BRDA:216,32,1,4
BRDA:225,33,0,2
BRDA:225,33,1,2
BRDA:231,34,0,2
BRDA:231,34,1,0
BRDA:269,35,0,0
BRDA:269,35,1,2
BRDA:274,36,0,1
BRDA:274,36,1,1
BRDA:274,37,0,2
BRDA:274,37,1,2
BRDA:292,38,0,0
BRDA:292,38,1,2
BRDA:298,39,0,1
BRDA:298,39,1,1
BRDA:298,40,0,2
BRDA:298,40,1,2
BRDA:300,41,0,0
BRDA:300,41,1,1
BRDA:302,42,0,0
BRDA:302,42,1,0
BRDA:302,43,0,0
BRDA:302,43,1,0
BRDA:302,43,2,0
BRDA:307,44,0,1
BRDA:307,44,1,1
BRDA:326,45,0,0
BRDA:326,45,1,0
BRDA:331,46,0,0
BRDA:331,46,1,0
BRDA:336,47,0,0
BRDA:336,47,1,0
BRF:98
BRH:69
end_of_record
TN:
SF:controllers\shareController.js
FN:14,(anonymous_0)
FN:36,(anonymous_1)
FN:56,(anonymous_2)
FN:115,(anonymous_3)
FN:159,(anonymous_4)
FN:205,(anonymous_5)
FNF:6
FNH:4
FNDA:5,(anonymous_0)
FNDA:0,(anonymous_1)
FNDA:0,(anonymous_2)
FNDA:6,(anonymous_3)
FNDA:2,(anonymous_4)
FNDA:2,(anonymous_5)
DA:2,12
DA:3,12
DA:4,12
DA:5,12
DA:6,12
DA:7,12
DA:14,12
DA:15,5
DA:17,5
DA:18,0
DA:21,5
DA:22,0
DA:26,5
DA:27,4
DA:28,4
DA:29,0
DA:33,4
DA:35,4
DA:36,0
DA:39,4
DA:40,1
DA:42,1
DA:43,1
DA:44,1
DA:45,0
DA:48,1
DA:49,1
DA:51,1
DA:52,1
DA:53,1
DA:54,1
DA:55,1
DA:56,0
DA:58,1
DA:62,1
DA:63,1
DA:68,3
DA:70,3
DA:71,3
DA:72,1
DA:73,1
DA:74,1
DA:79,3
DA:80,3
DA:81,1
DA:85,3
DA:94,3
DA:96,3
DA:97,3
DA:99,3
DA:100,3
DA:101,3
DA:115,12
DA:116,6
DA:117,6
DA:119,6
DA:120,6
DA:121,1
DA:125,5
DA:126,1
DA:130,4
DA:131,3
DA:132,1
DA:134,2
DA:135,2
DA:136,1
DA:141,2
DA:142,2
DA:143,2
DA:144,0
DA:148,2
DA:151,2
DA:159,2
DA:171,2
DA:176,0
DA:177,0
DA:178,0
DA:179,0
DA:182,0
DA:194,0
DA:205,12
DA:206,2
DA:208,2
DA:209,2
DA:210,0
DA:214,2
DA:215,1
DA:218,1
DA:219,1
DA:221,1
DA:222,1
DA:223,1
DA:226,12
LF:93
LH:79
BRDA:17,0,0,0
BRDA:17,0,1,5
BRDA:17,1,0,5
BRDA:17,1,1,5
BRDA:21,2,0,0
BRDA:21,2,1,5
BRDA:26,3,0,4
BRDA:26,3,1,1
BRDA:28,4,0,0
BRDA:28,4,1,4
BRDA:33,5,0,4
BRDA:33,5,1,4
BRDA:35,6,0,4
BRDA:35,6,1,4
BRDA:36,7,0,0
BRDA:36,7,1,0
BRDA:39,8,0,1
BRDA:39,8,1,3
BRDA:39,9,0,4
BRDA:39,9,1,1
BRDA:42,10,0,1
BRDA:42,10,1,0
BRDA:44,11,0,0
BRDA:44,11,1,1
BRDA:48,12,0,1
BRDA:48,12,1,1
BRDA:51,13,0,1
BRDA:51,13,1,0
BRDA:51,14,0,1
BRDA:51,14,1,1
BRDA:53,15,0,1
BRDA:53,15,1,0
BRDA:54,16,0,1
BRDA:54,16,1,1
BRDA:55,17,0,1
BRDA:55,17,1,1
BRDA:56,18,0,0
BRDA:56,18,1,0
BRDA:58,19,0,1
BRDA:58,19,1,1
BRDA:62,20,0,1
BRDA:62,20,1,0
BRDA:62,21,0,1
BRDA:62,21,1,1
BRDA:71,22,0,1
BRDA:71,22,1,2
BRDA:73,23,0,1
BRDA:73,23,1,0
BRDA:80,24,0,1
BRDA:80,24,1,2
BRDA:96,25,0,3
BRDA:96,25,1,3
BRDA:117,26,0,6
BRDA:117,26,1,4
BRDA:120,27,0,1
BRDA:120,27,1,5
BRDA:120,28,0,6
BRDA:120,28,1,6
BRDA:125,29,0,1
BRDA:125,29,1,4
BRDA:125,30,0,5
BRDA:125,30,1,1
BRDA:130,31,0,3
BRDA:130,31,1,1
BRDA:131,32,0,1
BRDA:131,32,1,2
BRDA:135,33,0,1
BRDA:135,33,1,1
BRDA:141,34,0,2
BRDA:141,34,1,0
BRDA:143,35,0,0
BRDA:143,35,1,2
BRDA:176,36,0,0
BRDA:176,36,1,0
BRDA:178,37,0,0
BRDA:178,37,1,0
BRDA:209,38,0,0
BRDA:209,38,1,2
BRDA:214,39,0,1
BRDA:214,39,1,1
BRF:80
BRH:60
end_of_record
TN:
SF:controllers\trashController.js
FN:10,(anonymous_0)
FNF:1
FNH:0
FNDA:0,(anonymous_0)
DA:2,12
DA:3,12
DA:4,12
DA:10,12
DA:11,0
DA:13,0
DA:14,0
DA:16,0
DA:22,12
LF:9
LH:5
BRF:0
BRH:0
end_of_record
TN:
SF:jobs\trashCleanup.js
FN:8,(anonymous_0)
FN:42,(anonymous_1)
FNF:2
FNH:1
FNDA:1,(anonymous_0)
FNDA:0,(anonymous_1)
DA:2,12
DA:3,12
DA:4,12
DA:5,12
DA:6,12
DA:8,12
DA:9,1
DA:10,1
DA:12,1
DA:14,1
DA:15,1
DA:16,1
DA:17,1
DA:18,1
DA:20,0
DA:25,1
DA:26,1
DA:27,1
DA:28,1
DA:29,1
DA:30,1
DA:31,1
DA:33,0
DA:36,1
DA:38,0
DA:42,12
DA:43,0
DA:44,0
DA:45,0
DA:49,0
DA:50,0
DA:53,12
LF:32
LH:24
BRDA:43,0,0,0
BRDA:43,0,1,0
BRF:2
BRH:0
end_of_record
TN:
SF:middleware\albumAccess.js
FN:11,(anonymous_0)
FN:12,(anonymous_1)
FNF:2
FNH:2
FNDA:37,(anonymous_0)
FNDA:12,(anonymous_1)
DA:2,12
DA:3,12
DA:11,12
DA:12,37
DA:15,12
DA:16,8
DA:18,8
DA:19,5
DA:21,4
DA:22,1
DA:24,1
DA:25,0
DA:28,3
DA:31,7
DA:32,7
DA:33,4
DA:34,4
DA:35,4
DA:37,3
DA:38,3
DA:40,0
DA:45,12
LF:22
LH:20
BRDA:11,0,0,0
BRDA:15,1,0,8
BRDA:15,1,1,4
BRDA:16,2,0,8
BRDA:16,2,1,8
BRDA:18,3,0,5
BRDA:18,3,1,3
BRDA:21,4,0,1
BRDA:21,4,1,3
BRDA:22,5,0,1
BRDA:22,5,1,1
BRDA:24,6,0,0
BRDA:24,6,1,1
BRDA:28,7,0,3
BRDA:28,7,1,0
BRDA:37,8,0,3
BRDA:37,8,1,0
BRF:17
BRH:13
end_of_record
TN:
SF:middleware\authMiddleware.js
FN:9,(anonymous_0)
FNF:1
FNH:1
FNDA:56,(anonymous_0)
DA:1,13
DA:2,13
DA:9,13
DA:13,56
DA:17,54
DA:19,54
DA:22,54
DA:25,53
DA:27,53
DA:29,1
DA:30,1
DA:31,1
DA:32,0
DA:34,1
DA:38,2
DA:39,2
DA:43,13
LF:17
LH:16
BRDA:13,0,0,54
BRDA:13,0,1,2
BRDA:14,1,0,56
BRDA:14,1,1,54
BRDA:31,2,0,0
BRDA:31,2,1,1
BRDA:38,3,0,2
BRDA:38,3,1,0
BRF:8
BRH:6
end_of_record
TN:
SF:middleware\errorHandler.js
FN:8,(anonymous_0)
FN:22,(anonymous_1)
FN:23,(anonymous_2)
FN:32,(anonymous_3)
FN:49,(anonymous_4)
FNF:5
FNH:4
FNDA:24,(anonymous_0)
FNDA:360,(anonymous_1)
FNDA:95,(anonymous_2)
FNDA:24,(anonymous_3)
FNDA:0,(anonymous_4)
DA:9,24
DA:10,24
DA:11,24
DA:12,24
DA:22,12
DA:23,360
DA:24,95
DA:32,12
DA:33,24
DA:35,24
DA:37,24
DA:38,0
DA:39,24
DA:40,0
DA:44,24
DA:45,24
DA:47,24
DA:48,0
DA:49,0
DA:50,24
DA:51,0
DA:52,0
DA:56,24
DA:57,24
DA:63,0
DA:68,12
LF:26
LH:19
BRDA:10,0,0,24
BRDA:10,0,1,0
BRDA:33,1,0,24
BRDA:33,1,1,0
BRDA:37,2,0,0
BRDA:37,2,1,24
BRDA:38,3,0,0
BRDA:38,3,1,0
BRDA:39,4,0,0
BRDA:39,4,1,24
BRDA:44,5,0,24
BRDA:44,5,1,0
BRDA:47,6,0,0
BRDA:47,6,1,24
BRDA:50,7,0,0
BRDA:50,7,1,24
BRDA:56,8,0,24
BRDA:56,8,1,0
BRDA:56,9,0,24
BRDA:56,9,1,0
BRDA:56,9,2,0
BRF:21
BRH:9
end_of_record
TN:
SF:middleware\upload.js
FN:14,(anonymous_0)
FNF:1
FNH:1
FNDA:8,(anonymous_0)
DA:2,12
DA:8,12
DA:14,12
DA:15,8
DA:17,8
DA:18,8
DA:20,0
DA:30,12
DA:38,12
LF:9
LH:8
BRDA:17,0,0,8
BRDA:17,0,1,0
BRF:2
BRH:1
end_of_record
TN:
SF:middleware\validation.js
FN:8,(anonymous_0)
FN:52,(anonymous_1)
FN:62,(anonymous_2)
FN:65,(anonymous_3)
FNF:4
FNH:3
FNDA:33,(anonymous_0)
FNDA:1,(anonymous_1)
FNDA:0,(anonymous_2)
FNDA:2,(anonymous_3)
DA:2,12
DA:8,12
DA:9,33
DA:10,33
DA:12,1
DA:13,1
DA:15,32
DA:18,12
DA:31,12
DA:42,12
DA:53,1
DA:54,1
DA:55,0
DA:56,1
DA:57,1
DA:58,1
DA:59,0
DA:60,0
DA:62,0
DA:65,2
DA:69,1
DA:70,0
DA:72,1
DA:78,12
LF:24
LH:19
BRDA:10,0,0,1
BRDA:10,0,1,32
BRDA:54,1,0,0
BRDA:54,1,1,1
BRDA:56,2,0,1
BRDA:56,2,1,0
BRDA:59,3,0,0
BRDA:59,3,1,0
BRDA:69,4,0,0
BRDA:69,4,1,1
BRF:10
BRH:5
end_of_record
TN:
SF:models\Activity.js
FNF:0
FNH:0
DA:2,12
DA:4,12
DA:31,12
DA:33,12
DA:35,12
LF:5
LH:5
BRF:0
BRH:0
end_of_record
TN:
SF:models\Album.js
FNF:0
FNH:0
DA:2,12
DA:4,12
DA:55,12
DA:57,12
LF:4
LH:4
BRF:0
BRH:0
end_of_record
TN:
SF:models\Comment.js
FNF:0
FNH:0
DA:2,12
DA:4,12
DA:28,12
DA:30,12
DA:32,12
LF:5
LH:5
BRF:0
BRH:0
end_of_record
TN:
SF:models\Image.js
FN:63,(anonymous_0)
FNF:1
FNH:1
FNDA:32,(anonymous_0)
DA:2,12
DA:4,12
DA:63,32
DA:67,12
DA:68,12
DA:69,12
DA:70,12
DA:71,12
DA:73,12
LF:9
LH:9
BRF:0
BRH:0
end_of_record
TN:
SF:models\Session.js
FNF:0
FNH:0
DA:2,12
DA:4,12
DA:31,12
LF:3
LH:3
BRF:0
BRH:0
end_of_record
TN:
SF:models\ShareLink.js
FNF:0
FNH:0
DA:2,12
DA:4,12
DA:44,12
DA:46,12
DA:48,12
LF:5
LH:5
BRF:0
BRH:0
end_of_record
TN:
SF:models\User.js
FNF:0
FNH:0
DA:2,12
DA:4,12
DA:27,12
LF:3
LH:3
BRF:0
BRH:0
end_of_record
TN:
SF:routes\albumRoutes.js
FNF:0
FNH:0
DA:2,12
DA:3,12
DA:4,12
DA:16,12
DA:17,12
DA:49,12
DA:71,12
DA:96,12
DA:121,12
DA:146,12
DA:171,12
DA:213,12
DA:243,12
DA:287,12
DA:320,12
DA:322,12
LF:16
LH:16
BRF:0
BRH:0
end_of_record
TN:
SF:routes\authRoutes.js
FNF:0
FNH:0
DA:2,12
DA:3,12
DA:4,12
DA:12,12
DA:13,12
DA:14,12
DA:17,12
DA:53,12
DA:82,12
DA:108,12
DA:138,12
DA:153,12
DA:178,12
DA:180,12
LF:14
LH:14
BRDA:19,0,0,12
BRDA:19,0,1,0
BRF:2
BRH:1
end_of_record
TN:
SF:routes\imageRoutes.js
FN:67,(anonymous_0)
FN:126,(anonymous_1)
FN:128,(anonymous_2)
FN:130,(anonymous_3)
FNF:4
FNH:4
FNDA:7,(anonymous_0)
FNDA:10,(anonymous_1)
FNDA:1,(anonymous_2)
FNDA:1,(anonymous_3)
DA:2,12
DA:3,12
DA:5,12
DA:6,12
DA:14,12
DA:15,12
DA:16,12
DA:17,12
DA:22,12
DA:61,12
DA:68,7
DA:126,12
DA:127,10
DA:128,1
DA:129,1
DA:130,1
DA:131,1
DA:132,1
DA:136,9
DA:152,12
DA:177,12
DA:202,12
DA:227,12
DA:250,12
DA:288,12
DA:321,12
DA:346,12
DA:348,12
LF:28
LH:28
BRDA:127,0,0,1
BRDA:127,0,1,9
BRDA:129,1,0,0
BRDA:129,1,1,1
BRDA:131,2,0,0
BRDA:131,2,1,1
BRF:6
BRH:4
end_of_record
TN:
SF:routes\shareRoutes.js
FNF:0
FNH:0
DA:2,12
DA:3,12
DA:4,12
DA:9,12
DA:10,12
DA:13,12
DA:57,12
DA:83,12
DA:108,12
DA:110,12
LF:10
LH:10
BRF:0
BRH:0
end_of_record
TN:
SF:utils\checkAlbumAccess.js
FN:14,(anonymous_0)
FN:37,(anonymous_1)
FNF:2
FNH:2
FNDA:12,(anonymous_0)
FNDA:10,(anonymous_1)
DA:2,12
DA:14,12
DA:15,12
DA:16,0
DA:17,0
DA:18,0
DA:21,12
DA:22,12
DA:23,0
DA:24,0
DA:25,0
DA:28,12
DA:31,12
DA:32,2
DA:36,10
DA:37,10
DA:40,10
DA:41,4
DA:42,4
DA:43,4
DA:46,6
DA:47,6
DA:48,6
DA:50,6
DA:51,1
DA:52,1
DA:53,1
DA:56,5
DA:59,12
LF:29
LH:23
BRDA:14,0,0,0
BRDA:15,1,0,0
BRDA:15,1,1,12
BRDA:22,2,0,0
BRDA:22,2,1,12
BRDA:28,3,0,12
BRDA:28,3,1,0
BRDA:31,4,0,2
BRDA:31,4,1,10
BRDA:31,5,0,12
BRDA:31,5,1,12
BRDA:37,6,0,10
BRDA:37,6,1,10
BRDA:40,7,0,4
BRDA:40,7,1,6
BRDA:50,8,0,1
BRDA:50,8,1,5
BRF:17
BRH:13
end_of_record
TN:
SF:utils\logActivity.js
FN:14,(anonymous_0)
FN:22,(anonymous_1)
FNF:2
FNH:1
FNDA:10,(anonymous_0)
FNDA:0,(anonymous_1)
DA:2,12
DA:14,12
DA:15,10
DA:17,10
DA:23,0
DA:24,0
DA:28,12
LF:7
LH:5
BRDA:14,0,0,0
BRDA:15,1,0,0
BRDA:15,1,1,10
BRDA:15,2,0,10
BRDA:15,2,1,10
BRDA:15,2,2,10
BRF:6
BRH:4
end_of_record
TN:
SF:utils\verifyToken.js
FN:11,(anonymous_0)
FNF:1
FNH:1
FNDA:60,(anonymous_0)
DA:2,13
DA:11,13
DA:12,60
DA:13,1
DA:15,59
DA:18,13
LF:6
LH:6
BRDA:12,0,0,1
BRDA:12,0,1,59
BRF:2
BRH:2
end_of_record
